 Process in group number            1
 No PDF is used, alpha_s(MZ) from param_card is used
 Value of alpha_s from param_card:   0.11799999999999999     
 The default order of alpha_s running is fixed to            2
 Define smin to   12.630915999999999     
 *****************************************************
 *               MadGraph/MadEvent                   *
 *        --------------------------------           *
 *          http://madgraph.hep.uiuc.edu             *
 *          http://madgraph.phys.ucl.ac.be           *
 *          http://madgraph.roma2.infn.it            *
 *        --------------------------------           *
 *                                                   *
 *          PARAMETER AND COUPLING VALUES            *
 *                                                   *
 *****************************************************

  External Params
  ---------------------------------
  
 aEWM1 =    132.50700000000001     
 mdl_Gf =   1.16639000000000003E-005
 aS =   0.11799999999999999     
 mdl_ymb =    4.7000000000000002     
 mdl_ymt =    173.00000000000000     
 mdl_ymtau =    1.7769999999999999     
 mdl_MZ =    91.188000000000002     
 mdl_MT =    173.00000000000000     
 mdl_MB =    4.7000000000000002     
 mdl_MH =    125.00000000000000     
 mdl_MTA =    1.7769999999999999     
 mdl_WZ =    2.4414039999999999     
 mdl_WW =    2.0476000000000001     
 mdl_WT =    1.4915000000000000     
 mdl_WH =   6.38233899999999989E-003
  Internal Params
  ---------------------------------
  
 mdl_conjg__CKM3x3 =    1.0000000000000000     
 mdl_CKM3x3 =    1.0000000000000000     
 mdl_conjg__CKM1x1 =    1.0000000000000000     
 mdl_complexi =  (  0.0000000000000000     ,  1.0000000000000000     )
 mdl_MZ__exp__2 =    8315.2513440000002     
 mdl_MZ__exp__4 =    69143404.913893804     
 mdl_sqrt__2 =    1.4142135623730951     
 mdl_MH__exp__2 =    15625.000000000000     
 mdl_aEW =   7.54677111397888348E-003
 mdl_MW =    80.419002445756163     
 mdl_sqrt__aEW =   8.68721538467815552E-002
 mdl_ee =   0.30795376724436879     
 mdl_MW__exp__2 =    6467.2159543705357     
 mdl_sw2 =   0.22224648578577766     
 mdl_cw =   0.88190334743339216     
 mdl_sqrt__sw2 =   0.47143025548407230     
 mdl_sw =   0.47143025548407230     
 mdl_g1 =   0.34919219678733299     
 mdl_gw =   0.65323293034757990     
 mdl_vev =    246.21845810181637     
 mdl_vev__exp__2 =    60623.529110035903     
 mdl_lam =   0.12886910601690263     
 mdl_yb =   2.69955542504654901E-002
 mdl_yt =   0.99366614581500623     
 mdl_ytau =   1.02066170006547170E-002
 mdl_muH =    88.388347648318430     
 mdl_I1x33 =  ( 2.69955542504654901E-002,  0.0000000000000000     )
 mdl_I2x33 =  ( 0.99366614581500623     ,  0.0000000000000000     )
 mdl_I3x33 =  ( 0.99366614581500623     ,  0.0000000000000000     )
 mdl_I4x33 =  ( 2.69955542504654901E-002,  0.0000000000000000     )
 mdl_ee__exp__2 =   9.48355227599988748E-002
 mdl_sw__exp__2 =   0.22224648578577769     
 mdl_cw__exp__2 =   0.77775351421422245     
  Internal Params evaluated point by point
  ----------------------------------------
  
 mdl_sqrt__aS =   0.34351128074635334     
 mdl_G__exp__2 =    1.4828317324943823     
  Couplings of sm
  ---------------------------------
  
         GC_3 =  -0.00000E+00  -0.30795E+00
        GC_51 =   0.00000E+00   0.28804E+00
        GC_59 =   0.00000E+00   0.82310E-01
        GC_81 =   0.00000E+00   0.67544E+02
        GC_99 =  -0.00000E+00  -0.72172E-02

 Collider parameters:
 --------------------

 Running at e e   machine @    91.200000000000003       GeV
 PDF set = none   
 alpha_s(Mz)= 0.1180 running at 2 loops.
 alpha_s(Mz)= 0.1180 running at 2 loops.
 Renormalization scale set on event-by-event basis
 Factorization   scale set on event-by-event basis


 getting user params
Enter number of events and max and min iterations: 
 Number of events and iterations         1000           5           3
Enter desired fractional accuracy: 
 Desired fractional accuracy:   0.10000000000000001     
Enter 0 for fixed, 2 for adjustable grid: 
Suppress amplitude (0 no, 1 yes)? 
 Using suppressed amplitude.
Exact helicity sum (0 yes, n = number/event)? 
 Explicitly summing over helicities
Enter Configuration Number: 
Running Configuration Number:   41
 Using dconfig=           1
 BW Setting            1           0           0           0
 Attempting mappinvarients           1           6
 Completed mapping           6
 about to integrate            8        1000           5           3           8           1
 Using non-zero grid deformation.
  8 dimensions   1000 events  8 invarients  5 iterations  1 config(s),  (0.99)
 Using h-tuple random number sequence.
 Error opening grid
 Using Uniform Grid!          24
 Using uniform alpha   1.0000000000000000     
 Grid defined OK
 Set CM energy to         91.20
 Mapping Graph          41  to config          41
 Setting BW          -1           1   91.188000000000002     
Setting grid   2    0.74999E+00   1
Setting grid   3    0.30057E-04   1
  41   1   2   3   4   5   6   7   8
 Masses: 0.000E+00 0.000E+00 0.000E+00 0.000E+00 0.178E+01 0.178E+01
Using random seed offsets    41 :      1
  with seed                   87
 Ranmar initialization seeds       17653        9464
 
 ********************************************
 * You are using the DiscreteSampler module *
 *      part of the MG5_aMC framework       *
 *         Author: Valentin Hirschi         *
 ********************************************
 
  Particle       3       4       5       6
      Et >     0.5     0.5     0.5     0.5
       E >     0.0     0.0     0.0     0.0
     Eta <     5.0     5.0     5.0     5.0
   xqcut:      0.0     0.0     0.0     0.0
d R # 3  >    -0.0     0.4     0.4     0.4
d R # 4  >    -0.0    -0.0     0.4     0.4
d R # 5  >    -0.0    -0.0    -0.0     0.4
s min # 3>     0.0     0.0     3.2     0.0
s min # 4>     0.0     0.0     3.2     0.0
s min # 5>     0.0     0.0     0.0     0.0
xqcutij # 3>     0.0     0.0     0.0     0.0
xqcutij # 4>     0.0     0.0     0.0     0.0
xqcutij # 5>     0.0     0.0     0.0     0.0
 Requiring BW           -1           1
 alpha_s for scale    86.301362327584627       is   0.11898848205278130     
 Added good helicity            1   5.5449922841148194       in event            1 local:           1
 Added good helicity            2  3.05754823074746800E-004  in event            1 local:           1
 Added good helicity            3  3.22069709490695058E-004  in event            1 local:           1
 Added good helicity            4   1.9297930548610909       in event            1 local:           1
 Added good helicity           13   16.297713680175637       in event            1 local:           1
 Added good helicity           14  4.21679490595703655E-004  in event            1 local:           1
 Added good helicity           15  4.69847529913300864E-004  in event            1 local:           1
 Added good helicity           16   3.5557171124332574       in event            1 local:           1
 Added good helicity           25  4.58206404000991186E-005  in event            1 local:           1
 Added good helicity           26  1.50365583633883201E-008  in event            1 local:           1
 Added good helicity           27  1.97713023152556819E-005  in event            1 local:           1
 Added good helicity           28  4.17607131836079343E-007  in event            1 local:           1
 Added good helicity           37  4.78200349701771713E-005  in event            1 local:           1
 Added good helicity           38  1.92986366881782507E-005  in event            1 local:           1
 Added good helicity           39  1.78293500528675344E-008  in event            1 local:           1
 Added good helicity           40  3.43522357619323554E-005  in event            1 local:           1
 Added good helicity           49   4.8427554492389620       in event            1 local:           1
 Added good helicity           50  4.42963967490287585E-004  in event            1 local:           1
 Added good helicity           51  4.55805484410716066E-004  in event            1 local:           1
 Added good helicity           52   6.2360490875754495       in event            1 local:           1
 Added good helicity           61   8.4774648451651284       in event            1 local:           1
 Added good helicity           62  8.18637335733835415E-005  in event            1 local:           1
 Added good helicity           63  6.69658571134196473E-005  in event            1 local:           1
 Added good helicity           64   17.112780022516823       in event            1 local:           1
 RESET CUMULATIVE VARIABLE
 RESET CUMULATIVE VARIABLE
 Iteration  1   Mean: 0.9244E-11 Abs mean: 0.9244E-11   Fluctuation:  0.160E-11   0.111E-08     9.3%
  1    0.9244E-11 0.9244E-11 +- 0.1601E-11      5.48
 Writing out events  1.98791769304539242E-014   5.4786213288348726     
 Relative summed weights:
  0.1000E+01  0.0000E+00
 Relative number of events:
  0.1000E+01  0.0000E+00
 Events:
        1015           0
 Iteration  2   Mean: 0.9396E-11 Abs mean: 0.9396E-11   Fluctuation:  0.494E-12   0.343E-09    50.0%
  2    0.9396E-11 0.9396E-11 +- 0.4945E-12      2.35
 Relative summed weights:
  0.1000E+01  0.0000E+00
 Relative number of events:
  0.1000E+01  0.0000E+00
 Events:
        2000           0
 Iteration  3   Mean: 0.8933E-11 Abs mean: 0.8933E-11   Fluctuation:  0.216E-12   0.205E-09    66.7%
  3    0.8933E-11 0.8933E-11 +- 0.2158E-12      1.53
 Relative summed weights:
  0.1000E+01  0.0000E+00
 Relative number of events:
  0.1000E+01  0.0000E+00
 Events:
        4000           0
 Accuracy:    0.014   0.100   0.022   0.404
 Finished due to accuracy   1.38469512032881551E-002  0.10000000000000001     

 -------------------------------------------------------------------------------
 Accumulated results:   Integral =  0.9017E-11
                        Std dev  =  0.1964E-12
                       Cross sec =  0.9017E-11
             Chi**2 per DoF.     =      0.4041
 -------------------------------------------------------------------------------
 Found          518  events.
 Wrote          485  events.
 Actual xsec   9.01702066381868933E-012
 Correct abs xsec   9.01702066381868933E-012
 Event xsec   9.01702066381877981E-012
 Events wgts > 1:           14
 % Cross section > 1:   8.97067758957676100E-014  0.99486048929354542     
-------------------------------------------------
---------------------------
 Results Last   3 iters: Integral =   0.9017E-11
                     Abs integral =   0.9017E-11
                          Std dev =   0.1964E-12
                  Chi**2 per DoF. =      0.3798
-------------------------------------------------
---------------------------
 Status  0.10000000000000001                4           5

ls status:
events.lhe
ftn26
input_app.txt
results.dat
run1_app.log
