 Process in group number            1
 No PDF is used, alpha_s(MZ) from param_card is used
 Value of alpha_s from param_card:   0.11799999999999999     
 The default order of alpha_s running is fixed to            2
 Define smin to   12.630915999999999     
 *****************************************************
 *               MadGraph/MadEvent                   *
 *        --------------------------------           *
 *          http://madgraph.hep.uiuc.edu             *
 *          http://madgraph.phys.ucl.ac.be           *
 *          http://madgraph.roma2.infn.it            *
 *        --------------------------------           *
 *                                                   *
 *          PARAMETER AND COUPLING VALUES            *
 *                                                   *
 *****************************************************

  External Params
  ---------------------------------
  
 aEWM1 =    132.50700000000001     
 mdl_Gf =   1.16639000000000003E-005
 aS =   0.11799999999999999     
 mdl_ymb =    4.7000000000000002     
 mdl_ymt =    173.00000000000000     
 mdl_ymtau =    1.7769999999999999     
 mdl_MZ =    91.188000000000002     
 mdl_MT =    173.00000000000000     
 mdl_MB =    4.7000000000000002     
 mdl_MH =    125.00000000000000     
 mdl_MTA =    1.7769999999999999     
 mdl_WZ =    2.4414039999999999     
 mdl_WW =    2.0476000000000001     
 mdl_WT =    1.4915000000000000     
 mdl_WH =   6.38233899999999989E-003
  Internal Params
  ---------------------------------
  
 mdl_conjg__CKM3x3 =    1.0000000000000000     
 mdl_CKM3x3 =    1.0000000000000000     
 mdl_conjg__CKM1x1 =    1.0000000000000000     
 mdl_complexi =  (  0.0000000000000000     ,  1.0000000000000000     )
 mdl_MZ__exp__2 =    8315.2513440000002     
 mdl_MZ__exp__4 =    69143404.913893804     
 mdl_sqrt__2 =    1.4142135623730951     
 mdl_MH__exp__2 =    15625.000000000000     
 mdl_aEW =   7.54677111397888348E-003
 mdl_MW =    80.419002445756163     
 mdl_sqrt__aEW =   8.68721538467815552E-002
 mdl_ee =   0.30795376724436879     
 mdl_MW__exp__2 =    6467.2159543705357     
 mdl_sw2 =   0.22224648578577766     
 mdl_cw =   0.88190334743339216     
 mdl_sqrt__sw2 =   0.47143025548407230     
 mdl_sw =   0.47143025548407230     
 mdl_g1 =   0.34919219678733299     
 mdl_gw =   0.65323293034757990     
 mdl_vev =    246.21845810181637     
 mdl_vev__exp__2 =    60623.529110035903     
 mdl_lam =   0.12886910601690263     
 mdl_yb =   2.69955542504654901E-002
 mdl_yt =   0.99366614581500623     
 mdl_ytau =   1.02066170006547170E-002
 mdl_muH =    88.388347648318430     
 mdl_I1x33 =  ( 2.69955542504654901E-002,  0.0000000000000000     )
 mdl_I2x33 =  ( 0.99366614581500623     ,  0.0000000000000000     )
 mdl_I3x33 =  ( 0.99366614581500623     ,  0.0000000000000000     )
 mdl_I4x33 =  ( 2.69955542504654901E-002,  0.0000000000000000     )
 mdl_ee__exp__2 =   9.48355227599988748E-002
 mdl_sw__exp__2 =   0.22224648578577769     
 mdl_cw__exp__2 =   0.77775351421422245     
  Internal Params evaluated point by point
  ----------------------------------------
  
 mdl_sqrt__aS =   0.34351128074635334     
 mdl_G__exp__2 =    1.4828317324943823     
  Couplings of sm
  ---------------------------------
  
         GC_3 =  -0.00000E+00  -0.30795E+00
        GC_51 =   0.00000E+00   0.28804E+00
        GC_59 =   0.00000E+00   0.82310E-01
        GC_81 =   0.00000E+00   0.67544E+02
        GC_99 =  -0.00000E+00  -0.72172E-02

 Collider parameters:
 --------------------

 Running at e e   machine @    91.200000000000003       GeV
 PDF set = none   
 alpha_s(Mz)= 0.1180 running at 2 loops.
 alpha_s(Mz)= 0.1180 running at 2 loops.
 Renormalization scale set on event-by-event basis
 Factorization   scale set on event-by-event basis


 getting user params
Enter number of events and max and min iterations: 
 Number of events and iterations         1000           5           3
Enter desired fractional accuracy: 
 Desired fractional accuracy:   0.10000000000000001     
Enter 0 for fixed, 2 for adjustable grid: 
Suppress amplitude (0 no, 1 yes)? 
 Using suppressed amplitude.
Exact helicity sum (0 yes, n = number/event)? 
 Explicitly summing over helicities
Enter Configuration Number: 
Running Configuration Number:   37
 Using dconfig=           1
 BW Setting            1           0           0           0
 Attempting mappinvarients           1           6
 Completed mapping           6
 about to integrate            8        1000           5           3           8           1
 Using non-zero grid deformation.
  8 dimensions   1000 events  8 invarients  5 iterations  1 config(s),  (0.99)
 Using h-tuple random number sequence.
 Error opening grid
 Using Uniform Grid!          24
 Using uniform alpha   1.0000000000000000     
 Grid defined OK
 Set CM energy to         91.20
 Mapping Graph          37  to config          37
 Setting BW          -1           1   91.188000000000002     
Setting grid   2    0.74999E+00   1
Setting grid   3    0.30057E-04   1
  37   1   2   3   4   5   6   7   8
 Masses: 0.000E+00 0.000E+00 0.000E+00 0.000E+00 0.178E+01 0.178E+01
Using random seed offsets    37 :      1
  with seed                   87
 Ranmar initialization seeds       17649        9464
 
 ********************************************
 * You are using the DiscreteSampler module *
 *      part of the MG5_aMC framework       *
 *         Author: Valentin Hirschi         *
 ********************************************
 
  Particle       3       4       5       6
      Et >     0.5     0.5     0.5     0.5
       E >     0.0     0.0     0.0     0.0
     Eta <     5.0     5.0     5.0     5.0
   xqcut:      0.0     0.0     0.0     0.0
d R # 3  >    -0.0     0.4     0.4     0.4
d R # 4  >    -0.0    -0.0     0.4     0.4
d R # 5  >    -0.0    -0.0    -0.0     0.4
s min # 3>     0.0     0.0     3.2     0.0
s min # 4>     0.0     0.0     3.2     0.0
s min # 5>     0.0     0.0     0.0     0.0
xqcutij # 3>     0.0     0.0     0.0     0.0
xqcutij # 4>     0.0     0.0     0.0     0.0
xqcutij # 5>     0.0     0.0     0.0     0.0
 Requiring BW           -1           1
 alpha_s for scale    81.424891135942815       is   0.12005091681587657     
 Added good helicity            1  0.11249738805632127       in event            1 local:           1
 Added good helicity            2  3.67121667086121487E-005  in event            1 local:           1
 Added good helicity            3  6.44453461812228044E-005  in event            1 local:           1
 Added good helicity            4   8.4758409914107453       in event            1 local:           1
 Added good helicity           13  0.47391725074717983       in event            1 local:           1
 Added good helicity           14  4.06387533151450313E-004  in event            1 local:           1
 Added good helicity           15  1.43291917989383502E-003  in event            1 local:           1
 Added good helicity           16   4.3602364429623428       in event            1 local:           1
 Added good helicity           25  7.28262857562536614E-003  in event            1 local:           1
 Added good helicity           26  9.62717610319011162E-006  in event            1 local:           1
 Added good helicity           27  8.68468628499750352E-003  in event            1 local:           1
 Added good helicity           28  9.29449518536983391E-003  in event            1 local:           1
 Added good helicity           37  4.77445302489937651E-003  in event            1 local:           1
 Added good helicity           38  8.93851406146715065E-003  in event            1 local:           1
 Added good helicity           39  1.02412301769061394E-005  in event            1 local:           1
 Added good helicity           40  8.35230845348103150E-003  in event            1 local:           1
 Added good helicity           49   28.352515569596282       in event            1 local:           1
 Added good helicity           50  2.94980028169970613E-004  in event            1 local:           1
 Added good helicity           51  8.14468616569241351E-005  in event            1 local:           1
 Added good helicity           52  0.12264817836037319       in event            1 local:           1
 Added good helicity           61   21.879867734411167       in event            1 local:           1
 Added good helicity           62  1.51236557185507978E-004  in event            1 local:           1
 Added good helicity           63  7.07223659367786596E-005  in event            1 local:           1
 Added good helicity           64  0.17259064042457661       in event            1 local:           1
 RESET CUMULATIVE VARIABLE
 RESET CUMULATIVE VARIABLE
 Iteration  1   Mean: 0.1098E-05 Abs mean: 0.1098E-05   Fluctuation:  0.146E-06   0.762E-04     8.8%
  1    0.1098E-05 0.1098E-05 +- 0.1460E-06      4.20
 Writing out events  2.49445221879758727E-009   4.2029863127073774     
 Relative summed weights:
  0.1000E+01  0.0000E+00
 Relative number of events:
  0.1000E+01  0.0000E+00
 Events:
        1015           0
 Iteration  2   Mean: 0.1062E-05 Abs mean: 0.1062E-05   Fluctuation:  0.526E-07   0.275E-04    40.5%
  2    0.1062E-05 0.1062E-05 +- 0.5265E-07      2.22
 Relative summed weights:
  0.1000E+01  0.0000E+00
 Relative number of events:
  0.1000E+01  0.0000E+00
 Events:
        2000           0
 Iteration  3   Mean: 0.9960E-06 Abs mean: 0.9960E-06   Fluctuation:  0.281E-07   0.195E-04    56.5%
  3    0.9960E-06 0.9960E-06 +- 0.2808E-07      1.78
 Relative summed weights:
  0.1000E+01  0.0000E+00
 Relative number of events:
  0.1000E+01  0.0000E+00
 Events:
        4000           0
 Accuracy:    0.022   0.100   0.024   0.852
 Finished due to accuracy   2.22401387204284248E-002  0.10000000000000001     

 -------------------------------------------------------------------------------
 Accumulated results:   Integral =  0.1015E-05
                        Std dev  =  0.2446E-07
                       Cross sec =  0.1015E-05
             Chi**2 per DoF.     =      0.8515
 -------------------------------------------------------------------------------
 Found          626  events.
 Wrote          331  events.
 Actual xsec   1.01506675880380964E-006
 Correct abs xsec   1.01506675880380964E-006
 Event xsec   1.01506675880380498E-006
 Events wgts > 1:           12
 % Cross section > 1:   9.76568661654663535E-009  0.96207333476813972     
-------------------------------------------------
---------------------------
 Results Last   3 iters: Integral =   0.1015E-05
                     Abs integral =   0.1015E-05
                          Std dev =   0.2446E-07
                  Chi**2 per DoF. =      0.7940
-------------------------------------------------
---------------------------
 Status  0.10000000000000001                4           5

ls status:
events.lhe
ftn26
input_app.txt
results.dat
run1_app.log
