 Process in group number            1
 No PDF is used, alpha_s(MZ) from param_card is used
 Value of alpha_s from param_card:   0.11799999999999999     
 The default order of alpha_s running is fixed to            2
 Define smin to   12.630915999999999     
 *****************************************************
 *               MadGraph/MadEvent                   *
 *        --------------------------------           *
 *          http://madgraph.hep.uiuc.edu             *
 *          http://madgraph.phys.ucl.ac.be           *
 *          http://madgraph.roma2.infn.it            *
 *        --------------------------------           *
 *                                                   *
 *          PARAMETER AND COUPLING VALUES            *
 *                                                   *
 *****************************************************

  External Params
  ---------------------------------
  
 aEWM1 =    132.50700000000001     
 mdl_Gf =   1.16639000000000003E-005
 aS =   0.11799999999999999     
 mdl_ymb =    4.7000000000000002     
 mdl_ymt =    173.00000000000000     
 mdl_ymtau =    1.7769999999999999     
 mdl_MZ =    91.188000000000002     
 mdl_MT =    173.00000000000000     
 mdl_MB =    4.7000000000000002     
 mdl_MH =    125.00000000000000     
 mdl_MTA =    1.7769999999999999     
 mdl_WZ =    2.4414039999999999     
 mdl_WW =    2.0476000000000001     
 mdl_WT =    1.4915000000000000     
 mdl_WH =   6.38233899999999989E-003
  Internal Params
  ---------------------------------
  
 mdl_conjg__CKM3x3 =    1.0000000000000000     
 mdl_CKM3x3 =    1.0000000000000000     
 mdl_conjg__CKM1x1 =    1.0000000000000000     
 mdl_complexi =  (  0.0000000000000000     ,  1.0000000000000000     )
 mdl_MZ__exp__2 =    8315.2513440000002     
 mdl_MZ__exp__4 =    69143404.913893804     
 mdl_sqrt__2 =    1.4142135623730951     
 mdl_MH__exp__2 =    15625.000000000000     
 mdl_aEW =   7.54677111397888348E-003
 mdl_MW =    80.419002445756163     
 mdl_sqrt__aEW =   8.68721538467815552E-002
 mdl_ee =   0.30795376724436879     
 mdl_MW__exp__2 =    6467.2159543705357     
 mdl_sw2 =   0.22224648578577766     
 mdl_cw =   0.88190334743339216     
 mdl_sqrt__sw2 =   0.47143025548407230     
 mdl_sw =   0.47143025548407230     
 mdl_g1 =   0.34919219678733299     
 mdl_gw =   0.65323293034757990     
 mdl_vev =    246.21845810181637     
 mdl_vev__exp__2 =    60623.529110035903     
 mdl_lam =   0.12886910601690263     
 mdl_yb =   2.69955542504654901E-002
 mdl_yt =   0.99366614581500623     
 mdl_ytau =   1.02066170006547170E-002
 mdl_muH =    88.388347648318430     
 mdl_I1x33 =  ( 2.69955542504654901E-002,  0.0000000000000000     )
 mdl_I2x33 =  ( 0.99366614581500623     ,  0.0000000000000000     )
 mdl_I3x33 =  ( 0.99366614581500623     ,  0.0000000000000000     )
 mdl_I4x33 =  ( 2.69955542504654901E-002,  0.0000000000000000     )
 mdl_ee__exp__2 =   9.48355227599988748E-002
 mdl_sw__exp__2 =   0.22224648578577769     
 mdl_cw__exp__2 =   0.77775351421422245     
  Internal Params evaluated point by point
  ----------------------------------------
  
 mdl_sqrt__aS =   0.34351128074635334     
 mdl_G__exp__2 =    1.4828317324943823     
  Couplings of sm
  ---------------------------------
  
         GC_3 =  -0.00000E+00  -0.30795E+00
        GC_51 =   0.00000E+00   0.28804E+00
        GC_59 =   0.00000E+00   0.82310E-01
        GC_81 =   0.00000E+00   0.67544E+02
        GC_99 =  -0.00000E+00  -0.72172E-02

 Collider parameters:
 --------------------

 Running at e e   machine @    365.00000000000000       GeV
 PDF set = none   
 alpha_s(Mz)= 0.1180 running at 2 loops.
 alpha_s(Mz)= 0.1180 running at 2 loops.
 Renormalization scale set on event-by-event basis
 Factorization   scale set on event-by-event basis


 getting user params
Enter number of events and max and min iterations: 
 Number of events and iterations         1000           5           3
Enter desired fractional accuracy: 
 Desired fractional accuracy:   0.10000000000000001     
Enter 0 for fixed, 2 for adjustable grid: 
Suppress amplitude (0 no, 1 yes)? 
 Using suppressed amplitude.
Exact helicity sum (0 yes, n = number/event)? 
 Explicitly summing over helicities
Enter Configuration Number: 
Running Configuration Number:    5
 Not subdividing B.W.
 Attempting mappinvarients           1           6
 Completed mapping           6
 about to integrate            8        1000           5           3           8           1
 Using non-zero grid deformation.
  8 dimensions   1000 events  8 invarients  5 iterations  1 config(s),  (0.99)
 Using h-tuple random number sequence.
 Error opening grid
 Using Uniform Grid!          24
 Using uniform alpha   1.0000000000000000     
 Grid defined OK
 Set CM energy to        365.00
 Mapping Graph           5  to config           5
Setting grid   1    0.24020E-06   1
Setting grid   2    0.28714E-04   1
 Setting PDF BW           9           2   91.188000000000002     
   5   1   2   3   4   5   6   7   8
 Masses: 0.000E+00 0.000E+00 0.000E+00 0.000E+00 0.178E+01 0.178E+01
Using random seed offsets     5 :      1
  with seed                  114
 Ranmar initialization seeds       20449        9492
 
 ********************************************
 * You are using the DiscreteSampler module *
 *      part of the MG5_aMC framework       *
 *         Author: Valentin Hirschi         *
 ********************************************
 
  Particle       3       4       5       6
      Et >     0.5     0.5     0.5     0.5
       E >     0.0     0.0     0.0     0.0
     Eta <     5.0     5.0     5.0     5.0
   xqcut:      0.0     0.0     0.0     0.0
d R # 3  >    -0.0     0.4     0.4     0.4
d R # 4  >    -0.0    -0.0     0.4     0.4
d R # 5  >    -0.0    -0.0    -0.0     0.4
s min # 3>     0.0     0.0     3.2     0.0
s min # 4>     0.0     0.0     3.2     0.0
s min # 5>     0.0     0.0     0.0     0.0
xqcutij # 3>     0.0     0.0     0.0     0.0
xqcutij # 4>     0.0     0.0     0.0     0.0
xqcutij # 5>     0.0     0.0     0.0     0.0
 No cut BW           -3           1
 alpha_s for scale    237.85102378922261       is   0.10313373902415825     
 Added good helicity            1   1.1582124242737291       in event            1 local:           1
 Added good helicity            2  1.98442525103925335E-003  in event            1 local:           1
 Added good helicity            3  2.25110972904476591E-004  in event            1 local:           1
 Added good helicity            4   5.5606270937677014       in event            1 local:           1
 Added good helicity           13   1.2227778648416039       in event            1 local:           1
 Added good helicity           14  1.38339011018922663E-003  in event            1 local:           1
 Added good helicity           15  2.01904552918231122E-004  in event            1 local:           1
 Added good helicity           16   1.7114622785259916       in event            1 local:           1
 Added good helicity           25   20.723918566061393       in event            1 local:           1
 Added good helicity           26  7.40967382226113643E-004  in event            1 local:           1
 Added good helicity           27  8.82667290114265077E-003  in event            1 local:           1
 Added good helicity           28   2.9355568217480608       in event            1 local:           1
 Added good helicity           37   2.9252815247041353       in event            1 local:           1
 Added good helicity           38  7.27370372108852078E-003  in event            1 local:           1
 Added good helicity           39  6.02680572720256280E-004  in event            1 local:           1
 Added good helicity           40   15.741782950006240       in event            1 local:           1
 Added good helicity           49   2.2837003318600551       in event            1 local:           1
 Added good helicity           50  2.60313887424462446E-004  in event            1 local:           1
 Added good helicity           51  1.67586741213369278E-003  in event            1 local:           1
 Added good helicity           52   1.2253516489276546       in event            1 local:           1
 Added good helicity           61   7.3279913138972059       in event            1 local:           1
 Added good helicity           62  2.76209064870961058E-004  in event            1 local:           1
 Added good helicity           63  2.43247640769901760E-003  in event            1 local:           1
 Added good helicity           64   1.1574534591498722       in event            1 local:           1
 RESET CUMULATIVE VARIABLE
 RESET CUMULATIVE VARIABLE
 Iteration  1   Mean: 0.1046E-04 Abs mean: 0.1046E-04   Fluctuation:  0.302E-05   0.268E-02    37.1%
  1    0.1046E-04 0.1046E-04 +- 0.3020E-05      9.13
 Writing out events  5.63291547803103112E-009   9.1314916056752953     
 Relative summed weights:
  0.4324E+00  0.0000E+00
  0.5676E+00  0.0000E+00
 Relative number of events:
  0.6174E+00  0.0000E+00
  0.3826E+00  0.0000E+00
 Events:
         623           0
         386           0
 Iteration  2   Mean: 0.8874E-05 Abs mean: 0.8874E-05   Fluctuation:  0.108E-05   0.143E-02    29.2%
  2    0.8874E-05 0.8874E-05 +- 0.1083E-05      5.46
 Relative summed weights:
  0.4624E+00  0.0000E+00
  0.5376E+00  0.0000E+00
 Relative number of events:
  0.6085E+00  0.0000E+00
  0.3915E+00  0.0000E+00
 Events:
        1217           0
         783           0
 Iteration  3   Mean: 0.1195E-04 Abs mean: 0.1195E-04   Fluctuation:  0.119E-05   0.247E-02    20.3%
  3    0.1195E-04 0.1195E-04 +- 0.1194E-05      6.32
 Relative summed weights:
  0.5824E+00  0.0000E+00
  0.4176E+00  0.0000E+00
 Relative number of events:
  0.6075E+00  0.0000E+00
  0.3925E+00  0.0000E+00
 Events:
        2430           0
        1570           0
 Accuracy:    0.096   0.100   0.075   1.663
 Finished due to accuracy   9.63177649184807638E-002  0.10000000000000001     

 -------------------------------------------------------------------------------
 Accumulated results:   Integral =  0.1070E-04
                        Std dev  =  0.7990E-06
                       Cross sec =  0.1070E-04
             Chi**2 per DoF.     =      1.6627
 -------------------------------------------------------------------------------
 Found          986  events.
 Wrote           22  events.
 Actual xsec   1.06961310773017402E-005
 Correct abs xsec   1.06961310773017402E-005
 Event xsec   1.06961310773017351E-005
 Events wgts > 1:            1
 % Cross section > 1:   6.10036777652033453E-008  0.57033405185786556     
-------------------------------------------------
---------------------------
 Results Last   3 iters: Integral =   0.1070E-04
                     Abs integral =   0.1070E-04
                          Std dev =   0.7990E-06
                  Chi**2 per DoF. =      1.9684
-------------------------------------------------
---------------------------
 Status  0.10000000000000001                4           5

ls status:
events.lhe
ftn26
input_app.txt
results.dat
run1_app.log
run_01_log.txt
run_02_0_log.txt
run_03_0_log.txt
run_05_log.txt
run_06_log.txt
