 Process in group number            1
 No PDF is used, alpha_s(MZ) from param_card is used
 Value of alpha_s from param_card:   0.11799999999999999     
 The default order of alpha_s running is fixed to            2
 Define smin to   12.630915999999999     
 *****************************************************
 *               MadGraph/MadEvent                   *
 *        --------------------------------           *
 *          http://madgraph.hep.uiuc.edu             *
 *          http://madgraph.phys.ucl.ac.be           *
 *          http://madgraph.roma2.infn.it            *
 *        --------------------------------           *
 *                                                   *
 *          PARAMETER AND COUPLING VALUES            *
 *                                                   *
 *****************************************************

  External Params
  ---------------------------------
  
 aEWM1 =    132.50700000000001     
 mdl_Gf =   1.16639000000000003E-005
 aS =   0.11799999999999999     
 mdl_ymb =    4.7000000000000002     
 mdl_ymt =    173.00000000000000     
 mdl_ymtau =    1.7769999999999999     
 mdl_MZ =    91.188000000000002     
 mdl_MT =    173.00000000000000     
 mdl_MB =    4.7000000000000002     
 mdl_MH =    125.00000000000000     
 mdl_MTA =    1.7769999999999999     
 mdl_WZ =    2.4414039999999999     
 mdl_WW =    2.0476000000000001     
 mdl_WT =    1.4915000000000000     
 mdl_WH =   6.38233899999999989E-003
  Internal Params
  ---------------------------------
  
 mdl_conjg__CKM3x3 =    1.0000000000000000     
 mdl_CKM3x3 =    1.0000000000000000     
 mdl_conjg__CKM1x1 =    1.0000000000000000     
 mdl_complexi =  (  0.0000000000000000     ,  1.0000000000000000     )
 mdl_MZ__exp__2 =    8315.2513440000002     
 mdl_MZ__exp__4 =    69143404.913893804     
 mdl_sqrt__2 =    1.4142135623730951     
 mdl_MH__exp__2 =    15625.000000000000     
 mdl_aEW =   7.54677111397888348E-003
 mdl_MW =    80.419002445756163     
 mdl_sqrt__aEW =   8.68721538467815552E-002
 mdl_ee =   0.30795376724436879     
 mdl_MW__exp__2 =    6467.2159543705357     
 mdl_sw2 =   0.22224648578577766     
 mdl_cw =   0.88190334743339216     
 mdl_sqrt__sw2 =   0.47143025548407230     
 mdl_sw =   0.47143025548407230     
 mdl_g1 =   0.34919219678733299     
 mdl_gw =   0.65323293034757990     
 mdl_vev =    246.21845810181637     
 mdl_vev__exp__2 =    60623.529110035903     
 mdl_lam =   0.12886910601690263     
 mdl_yb =   2.69955542504654901E-002
 mdl_yt =   0.99366614581500623     
 mdl_ytau =   1.02066170006547170E-002
 mdl_muH =    88.388347648318430     
 mdl_I1x33 =  ( 2.69955542504654901E-002,  0.0000000000000000     )
 mdl_I2x33 =  ( 0.99366614581500623     ,  0.0000000000000000     )
 mdl_I3x33 =  ( 0.99366614581500623     ,  0.0000000000000000     )
 mdl_I4x33 =  ( 2.69955542504654901E-002,  0.0000000000000000     )
 mdl_ee__exp__2 =   9.48355227599988748E-002
 mdl_sw__exp__2 =   0.22224648578577769     
 mdl_cw__exp__2 =   0.77775351421422245     
  Internal Params evaluated point by point
  ----------------------------------------
  
 mdl_sqrt__aS =   0.34351128074635334     
 mdl_G__exp__2 =    1.4828317324943823     
  Couplings of sm
  ---------------------------------
  
         GC_3 =  -0.00000E+00  -0.30795E+00
        GC_51 =   0.00000E+00   0.28804E+00
        GC_59 =   0.00000E+00   0.82310E-01
        GC_81 =   0.00000E+00   0.67544E+02
        GC_99 =  -0.00000E+00  -0.72172E-02

 Collider parameters:
 --------------------

 Running at e e   machine @    91.200000000000003       GeV
 PDF set = none   
 alpha_s(Mz)= 0.1180 running at 2 loops.
 alpha_s(Mz)= 0.1180 running at 2 loops.
 Renormalization scale set on event-by-event basis
 Factorization   scale set on event-by-event basis


 getting user params
Enter number of events and max and min iterations: 
 Number of events and iterations         1000           5           3
Enter desired fractional accuracy: 
 Desired fractional accuracy:   0.10000000000000001     
Enter 0 for fixed, 2 for adjustable grid: 
Suppress amplitude (0 no, 1 yes)? 
 Using suppressed amplitude.
Exact helicity sum (0 yes, n = number/event)? 
 Explicitly summing over helicities
Enter Configuration Number: 
Running Configuration Number:   30
 Using dconfig=           2
 BW Setting            2           0           0           0
 Attempting mappinvarients           1           6
 Completed mapping           6
 about to integrate            8        1000           5           3           8           1
 Using non-zero grid deformation.
  8 dimensions   1000 events  8 invarients  5 iterations  1 config(s),  (0.99)
 Using h-tuple random number sequence.
 Error opening grid
 Using Uniform Grid!          24
 Using uniform alpha   1.0000000000000000     
 Grid defined OK
 Set CM energy to         91.20
 Mapping Graph          30  to config          30
Setting grid   1    0.15186E-02   1
Setting grid   2    0.30057E-04   1
Setting grid   3    0.30057E-04   1
  30   1   2   3   4   5   6   7   8
 Masses: 0.000E+00 0.000E+00 0.000E+00 0.000E+00 0.178E+01 0.178E+01
Using random seed offsets    30 :      1
  with seed                   87
 Ranmar initialization seeds       17642        9464
 
 ********************************************
 * You are using the DiscreteSampler module *
 *      part of the MG5_aMC framework       *
 *         Author: Valentin Hirschi         *
 ********************************************
 
  Particle       3       4       5       6
      Et >     0.5     0.5     0.5     0.5
       E >     0.0     0.0     0.0     0.0
     Eta <     5.0     5.0     5.0     5.0
   xqcut:      0.0     0.0     0.0     0.0
d R # 3  >    -0.0     0.4     0.4     0.4
d R # 4  >    -0.0    -0.0     0.4     0.4
d R # 5  >    -0.0    -0.0    -0.0     0.4
s min # 3>     0.0     0.0     3.2     0.0
s min # 4>     0.0     0.0     3.2     0.0
s min # 5>     0.0     0.0     0.0     0.0
xqcutij # 3>     0.0     0.0     0.0     0.0
xqcutij # 4>     0.0     0.0     0.0     0.0
xqcutij # 5>     0.0     0.0     0.0     0.0
 Excluding BW           -1           1
 alpha_s for scale    32.721918650150251       is   0.13967100120973946     
 Added good helicity            1  3.56596232515713901E-002  in event            1 local:           1
 Added good helicity            2  0.39732072335549223       in event            1 local:           1
 Added good helicity            3  2.47150127712484572E-003  in event            1 local:           1
 Added good helicity            4   1.0531796131699482       in event            1 local:           1
 Added good helicity           13  0.54080032694303115       in event            1 local:           1
 Added good helicity           14   3.8247678590344818       in event            1 local:           1
 Added good helicity           15  4.68381113552987678E-003  in event            1 local:           1
 Added good helicity           16   15.223371713254547       in event            1 local:           1
 Added good helicity           25   14.216694632498205       in event            1 local:           1
 Added good helicity           26  0.20532813489231042       in event            1 local:           1
 Added good helicity           27   3.7985800614566929       in event            1 local:           1
 Added good helicity           28   1.5664890384357473       in event            1 local:           1
 Added good helicity           37   1.5692367335859900       in event            1 local:           1
 Added good helicity           38   3.8190202005764085       in event            1 local:           1
 Added good helicity           39  0.20571758306460813       in event            1 local:           1
 Added good helicity           40   14.170014659382806       in event            1 local:           1
 Added good helicity           49  0.45082330985012464       in event            1 local:           1
 Added good helicity           50  0.72463029871500761       in event            1 local:           1
 Added good helicity           51  7.31179976483802840E-002  in event            1 local:           1
 Added good helicity           52   1.6607982627843587       in event            1 local:           1
 Added good helicity           61  0.29233791226898870       in event            1 local:           1
 Added good helicity           62  7.28933200530961292E-003  in event            1 local:           1
 Added good helicity           63  0.13040179910612187       in event            1 local:           1
 Added good helicity           64  2.72648723072281378E-002  in event            1 local:           1
 RESET CUMULATIVE VARIABLE
 RESET CUMULATIVE VARIABLE
 Iteration  1   Mean: 0.2546E-04 Abs mean: 0.2546E-04   Fluctuation:  0.307E-05   0.150E-02    66.4%
  1    0.2546E-04 0.2546E-04 +- 0.3065E-05      3.81
 Writing out events  7.66763661632527747E-009   3.8079562742798894     
 Relative summed weights:
  0.1000E+01  0.0000E+00
 Relative number of events:
  0.1000E+01  0.0000E+00
 Events:
        1015           0
 Iteration  2   Mean: 0.2783E-04 Abs mean: 0.2783E-04   Fluctuation:  0.215E-05   0.229E-02    76.9%
  2    0.2783E-04 0.2783E-04 +- 0.2145E-05      3.45
 Relative summed weights:
  0.1000E+01  0.0000E+00
 Relative number of events:
  0.1000E+01  0.0000E+00
 Events:
        2000           0
 Iteration  3   Mean: 0.2992E-04 Abs mean: 0.2992E-04   Fluctuation:  0.134E-05   0.264E-02    77.3%
  3    0.2992E-04 0.2992E-04 +- 0.1339E-05      2.83
 Relative summed weights:
  0.1000E+01  0.0000E+00
 Relative number of events:
  0.1000E+01  0.0000E+00
 Events:
        4000           0
 Accuracy:    0.035   0.100   0.037   0.901
 Finished due to accuracy   3.49807113710628795E-002  0.10000000000000001     

 -------------------------------------------------------------------------------
 Accumulated results:   Integral =  0.2902E-04
                        Std dev  =  0.1070E-05
                       Cross sec =  0.2902E-04
             Chi**2 per DoF.     =      0.9010
 -------------------------------------------------------------------------------
 Found          447  events.
 Wrote           67  events.
 Actual xsec   2.90221095012025129E-005
 Correct abs xsec   2.90221095012025129E-005
 Event xsec   2.90221095012024451E-005
 Events wgts > 1:            1
 % Cross section > 1:   1.69477215732028440E-007  0.58395898383956779     
-------------------------------------------------
---------------------------
 Results Last   3 iters: Integral =   0.2902E-04
                     Abs integral =   0.2902E-04
                          Std dev =   0.1070E-05
                  Chi**2 per DoF. =      1.0555
-------------------------------------------------
---------------------------
 Status  0.10000000000000001                4           5

ls status:
events.lhe
ftn26
input_app.txt
results.dat
run1_app.log
