 Process in group number            1
 No PDF is used, alpha_s(MZ) from param_card is used
 Value of alpha_s from param_card:   0.11799999999999999     
 The default order of alpha_s running is fixed to            2
 Define smin to   12.630915999999999     
 *****************************************************
 *               MadGraph/MadEvent                   *
 *        --------------------------------           *
 *          http://madgraph.hep.uiuc.edu             *
 *          http://madgraph.phys.ucl.ac.be           *
 *          http://madgraph.roma2.infn.it            *
 *        --------------------------------           *
 *                                                   *
 *          PARAMETER AND COUPLING VALUES            *
 *                                                   *
 *****************************************************

  External Params
  ---------------------------------
  
 aEWM1 =    132.50700000000001     
 mdl_Gf =   1.16639000000000003E-005
 aS =   0.11799999999999999     
 mdl_ymb =    4.7000000000000002     
 mdl_ymt =    173.00000000000000     
 mdl_ymtau =    1.7769999999999999     
 mdl_MZ =    91.188000000000002     
 mdl_MT =    173.00000000000000     
 mdl_MB =    4.7000000000000002     
 mdl_MH =    125.00000000000000     
 mdl_MTA =    1.7769999999999999     
 mdl_WZ =    2.4414039999999999     
 mdl_WW =    2.0476000000000001     
 mdl_WT =    1.4915000000000000     
 mdl_WH =   6.38233899999999989E-003
  Internal Params
  ---------------------------------
  
 mdl_conjg__CKM3x3 =    1.0000000000000000     
 mdl_CKM3x3 =    1.0000000000000000     
 mdl_conjg__CKM1x1 =    1.0000000000000000     
 mdl_complexi =  (  0.0000000000000000     ,  1.0000000000000000     )
 mdl_MZ__exp__2 =    8315.2513440000002     
 mdl_MZ__exp__4 =    69143404.913893804     
 mdl_sqrt__2 =    1.4142135623730951     
 mdl_MH__exp__2 =    15625.000000000000     
 mdl_aEW =   7.54677111397888348E-003
 mdl_MW =    80.419002445756163     
 mdl_sqrt__aEW =   8.68721538467815552E-002
 mdl_ee =   0.30795376724436879     
 mdl_MW__exp__2 =    6467.2159543705357     
 mdl_sw2 =   0.22224648578577766     
 mdl_cw =   0.88190334743339216     
 mdl_sqrt__sw2 =   0.47143025548407230     
 mdl_sw =   0.47143025548407230     
 mdl_g1 =   0.34919219678733299     
 mdl_gw =   0.65323293034757990     
 mdl_vev =    246.21845810181637     
 mdl_vev__exp__2 =    60623.529110035903     
 mdl_lam =   0.12886910601690263     
 mdl_yb =   2.69955542504654901E-002
 mdl_yt =   0.99366614581500623     
 mdl_ytau =   1.02066170006547170E-002
 mdl_muH =    88.388347648318430     
 mdl_I1x33 =  ( 2.69955542504654901E-002,  0.0000000000000000     )
 mdl_I2x33 =  ( 0.99366614581500623     ,  0.0000000000000000     )
 mdl_I3x33 =  ( 0.99366614581500623     ,  0.0000000000000000     )
 mdl_I4x33 =  ( 2.69955542504654901E-002,  0.0000000000000000     )
 mdl_ee__exp__2 =   9.48355227599988748E-002
 mdl_sw__exp__2 =   0.22224648578577769     
 mdl_cw__exp__2 =   0.77775351421422245     
  Internal Params evaluated point by point
  ----------------------------------------
  
 mdl_sqrt__aS =   0.34351128074635334     
 mdl_G__exp__2 =    1.4828317324943823     
  Couplings of sm
  ---------------------------------
  
         GC_3 =  -0.00000E+00  -0.30795E+00
        GC_51 =   0.00000E+00   0.28804E+00
        GC_59 =   0.00000E+00   0.82310E-01
        GC_81 =   0.00000E+00   0.67544E+02
        GC_99 =  -0.00000E+00  -0.72172E-02

 Collider parameters:
 --------------------

 Running at e e   machine @    365.00000000000000       GeV
 PDF set = none   
 alpha_s(Mz)= 0.1180 running at 2 loops.
 alpha_s(Mz)= 0.1180 running at 2 loops.
 Renormalization scale set on event-by-event basis
 Factorization   scale set on event-by-event basis


 getting user params
Enter number of events and max and min iterations: 
 Number of events and iterations         1000           5           3
Enter desired fractional accuracy: 
 Desired fractional accuracy:   0.10000000000000001     
Enter 0 for fixed, 2 for adjustable grid: 
Suppress amplitude (0 no, 1 yes)? 
 Using suppressed amplitude.
Exact helicity sum (0 yes, n = number/event)? 
 Explicitly summing over helicities
Enter Configuration Number: 
Running Configuration Number:   10
 Not subdividing B.W.
 Attempting mappinvarients           1           6
 Completed mapping           6
 about to integrate            8        1000           5           3           8           1
 Using non-zero grid deformation.
  8 dimensions   1000 events  8 invarients  5 iterations  1 config(s),  (0.99)
 Using h-tuple random number sequence.
 Error opening grid
 Using Uniform Grid!          24
 Using uniform alpha   1.0000000000000000     
 Grid defined OK
 Set CM energy to        365.00
 Mapping Graph          10  to config          10
Setting grid   1    0.94809E-04   1
Setting grid   2    0.94809E-04   1
Setting grid   3    0.94809E-04   1
  10   1   2   3   4   5   6   7   8
 Masses: 0.000E+00 0.000E+00 0.000E+00 0.000E+00 0.178E+01 0.178E+01
Using random seed offsets    10 :      1
  with seed                  114
 Ranmar initialization seeds       20454        9492
 
 ********************************************
 * You are using the DiscreteSampler module *
 *      part of the MG5_aMC framework       *
 *         Author: Valentin Hirschi         *
 ********************************************
 
  Particle       3       4       5       6
      Et >     0.5     0.5     0.5     0.5
       E >     0.0     0.0     0.0     0.0
     Eta <     5.0     5.0     5.0     5.0
   xqcut:      0.0     0.0     0.0     0.0
d R # 3  >    -0.0     0.4     0.4     0.4
d R # 4  >    -0.0    -0.0     0.4     0.4
d R # 5  >    -0.0    -0.0    -0.0     0.4
s min # 3>     0.0     0.0     3.2     0.0
s min # 4>     0.0     0.0     3.2     0.0
s min # 5>     0.0     0.0     0.0     0.0
xqcutij # 3>     0.0     0.0     0.0     0.0
xqcutij # 4>     0.0     0.0     0.0     0.0
xqcutij # 5>     0.0     0.0     0.0     0.0
 alpha_s for scale    128.02699900732955       is   0.11226203277948196     
 Added good helicity            1  0.50317969087842440       in event            1 local:           1
 Added good helicity            2  0.19382485162027077       in event            1 local:           1
 Added good helicity            3  0.13901738949115824       in event            1 local:           1
 Added good helicity            4   2.5518768851974545       in event            1 local:           1
 Added good helicity           13  5.95759852318727134E-002  in event            1 local:           1
 Added good helicity           14  4.47997826183709283E-004  in event            1 local:           1
 Added good helicity           15  4.81287816969366562E-004  in event            1 local:           1
 Added good helicity           16  0.12245706682156604       in event            1 local:           1
 Added good helicity           25   19.401314619693331       in event            1 local:           1
 Added good helicity           26  0.17636481232245060       in event            1 local:           1
 Added good helicity           27  0.52080520250455975       in event            1 local:           1
 Added good helicity           28   8.0050577257107065       in event            1 local:           1
 Added good helicity           37   7.5114234048041988       in event            1 local:           1
 Added good helicity           38  0.52852855937995391       in event            1 local:           1
 Added good helicity           39  0.17630916950144793       in event            1 local:           1
 Added good helicity           40   20.573207644752259       in event            1 local:           1
 Added good helicity           49  0.13376486449114725       in event            1 local:           1
 Added good helicity           50  5.53296700453743072E-004  in event            1 local:           1
 Added good helicity           51  5.56262013108333288E-004  in event            1 local:           1
 Added good helicity           52  6.16291271323672549E-002  in event            1 local:           1
 Added good helicity           61   2.4450704063196400       in event            1 local:           1
 Added good helicity           62  0.13835143205227673       in event            1 local:           1
 Added good helicity           63  0.18966909348711081       in event            1 local:           1
 Added good helicity           64  0.56653322425109676       in event            1 local:           1
 RESET CUMULATIVE VARIABLE
 RESET CUMULATIVE VARIABLE
 Iteration  1   Mean: 0.1613E-04 Abs mean: 0.1613E-04   Fluctuation:  0.324E-05   0.174E-02    59.9%
  1    0.1613E-04 0.1613E-04 +- 0.3239E-05      6.35
 Writing out events  5.38450435219229984E-009   6.3494148662491821     
 Relative summed weights:
  0.4661E+00  0.0000E+00
  0.5339E+00  0.0000E+00
 Relative number of events:
  0.3043E+00  0.0000E+00
  0.6957E+00  0.0000E+00
 Events:
         307           0
         702           0
 Iteration  2   Mean: 0.1977E-04 Abs mean: 0.1977E-04   Fluctuation:  0.212E-05   0.159E-02    44.4%
  2    0.1977E-04 0.1977E-04 +- 0.2118E-05      4.79
 Relative summed weights:
  0.4791E+00  0.0000E+00
  0.5209E+00  0.0000E+00
 Relative number of events:
  0.2915E+00  0.0000E+00
  0.7085E+00  0.0000E+00
 Events:
         583           0
        1417           0
 Iteration  3   Mean: 0.2188E-04 Abs mean: 0.2188E-04   Fluctuation:  0.138E-05   0.220E-02    36.6%
  3    0.2188E-04 0.2188E-04 +- 0.1382E-05      4.00
 Relative summed weights:
  0.4980E+00  0.0000E+00
  0.5020E+00  0.0000E+00
 Relative number of events:
  0.3053E+00  0.0000E+00
  0.6947E+00  0.0000E+00
 Events:
        1221           0
        2779           0
 Accuracy:    0.053   0.100   0.053   1.036
 Finished due to accuracy   5.34713027238381405E-002  0.10000000000000001     

 -------------------------------------------------------------------------------
 Accumulated results:   Integral =  0.2098E-04
                        Std dev  =  0.1102E-05
                       Cross sec =  0.2098E-04
             Chi**2 per DoF.     =      1.0361
 -------------------------------------------------------------------------------
 Found          709  events.
 Wrote           48  events.
 Actual xsec   2.09782465043274666E-005
 Correct abs xsec   2.09782465043274666E-005
 Event xsec   2.09782465043274734E-005
 Events wgts > 1:            2
 % Cross section > 1:   1.08041250908905886E-007  0.51501564197283467     
-------------------------------------------------
---------------------------
 Results Last   3 iters: Integral =   0.2098E-04
                     Abs integral =   0.2098E-04
                          Std dev =   0.1102E-05
                  Chi**2 per DoF. =      1.4934
-------------------------------------------------
---------------------------
 Status  0.10000000000000001                4           5

ls status:
events.lhe
ftn26
input_app.txt
results.dat
run1_app.log
run_01_log.txt
run_02_0_log.txt
run_03_0_log.txt
run_04_log.txt
run_05_log.txt
run_06_log.txt
