 Process in group number            1
 No PDF is used, alpha_s(MZ) from param_card is used
 Value of alpha_s from param_card:   0.11799999999999999     
 The default order of alpha_s running is fixed to            2
 Define smin to   12.630915999999999     
 *****************************************************
 *               MadGraph/MadEvent                   *
 *        --------------------------------           *
 *          http://madgraph.hep.uiuc.edu             *
 *          http://madgraph.phys.ucl.ac.be           *
 *          http://madgraph.roma2.infn.it            *
 *        --------------------------------           *
 *                                                   *
 *          PARAMETER AND COUPLING VALUES            *
 *                                                   *
 *****************************************************

  External Params
  ---------------------------------
  
 aEWM1 =    132.50700000000001     
 mdl_Gf =   1.16639000000000003E-005
 aS =   0.11799999999999999     
 mdl_ymb =    4.7000000000000002     
 mdl_ymt =    173.00000000000000     
 mdl_ymtau =    1.7769999999999999     
 mdl_MZ =    91.188000000000002     
 mdl_MT =    173.00000000000000     
 mdl_MB =    4.7000000000000002     
 mdl_MH =    125.00000000000000     
 mdl_MTA =    1.7769999999999999     
 mdl_WZ =    2.4414039999999999     
 mdl_WW =    2.0476000000000001     
 mdl_WT =    1.4915000000000000     
 mdl_WH =   6.38233899999999989E-003
  Internal Params
  ---------------------------------
  
 mdl_conjg__CKM3x3 =    1.0000000000000000     
 mdl_CKM3x3 =    1.0000000000000000     
 mdl_conjg__CKM1x1 =    1.0000000000000000     
 mdl_complexi =  (  0.0000000000000000     ,  1.0000000000000000     )
 mdl_MZ__exp__2 =    8315.2513440000002     
 mdl_MZ__exp__4 =    69143404.913893804     
 mdl_sqrt__2 =    1.4142135623730951     
 mdl_MH__exp__2 =    15625.000000000000     
 mdl_aEW =   7.54677111397888348E-003
 mdl_MW =    80.419002445756163     
 mdl_sqrt__aEW =   8.68721538467815552E-002
 mdl_ee =   0.30795376724436879     
 mdl_MW__exp__2 =    6467.2159543705357     
 mdl_sw2 =   0.22224648578577766     
 mdl_cw =   0.88190334743339216     
 mdl_sqrt__sw2 =   0.47143025548407230     
 mdl_sw =   0.47143025548407230     
 mdl_g1 =   0.34919219678733299     
 mdl_gw =   0.65323293034757990     
 mdl_vev =    246.21845810181637     
 mdl_vev__exp__2 =    60623.529110035903     
 mdl_lam =   0.12886910601690263     
 mdl_yb =   2.69955542504654901E-002
 mdl_yt =   0.99366614581500623     
 mdl_ytau =   1.02066170006547170E-002
 mdl_muH =    88.388347648318430     
 mdl_I1x33 =  ( 2.69955542504654901E-002,  0.0000000000000000     )
 mdl_I2x33 =  ( 0.99366614581500623     ,  0.0000000000000000     )
 mdl_I3x33 =  ( 0.99366614581500623     ,  0.0000000000000000     )
 mdl_I4x33 =  ( 2.69955542504654901E-002,  0.0000000000000000     )
 mdl_ee__exp__2 =   9.48355227599988748E-002
 mdl_sw__exp__2 =   0.22224648578577769     
 mdl_cw__exp__2 =   0.77775351421422245     
  Internal Params evaluated point by point
  ----------------------------------------
  
 mdl_sqrt__aS =   0.34351128074635334     
 mdl_G__exp__2 =    1.4828317324943823     
  Couplings of sm
  ---------------------------------
  
         GC_3 =  -0.00000E+00  -0.30795E+00
        GC_51 =   0.00000E+00   0.28804E+00
        GC_59 =   0.00000E+00   0.82310E-01
        GC_81 =   0.00000E+00   0.67544E+02
        GC_99 =  -0.00000E+00  -0.72172E-02

 Collider parameters:
 --------------------

 Running at e e   machine @    91.200000000000003       GeV
 PDF set = none   
 alpha_s(Mz)= 0.1180 running at 2 loops.
 alpha_s(Mz)= 0.1180 running at 2 loops.
 Renormalization scale set on event-by-event basis
 Factorization   scale set on event-by-event basis


 getting user params
Enter number of events and max and min iterations: 
 Number of events and iterations         1000           5           3
Enter desired fractional accuracy: 
 Desired fractional accuracy:   0.10000000000000001     
Enter 0 for fixed, 2 for adjustable grid: 
Suppress amplitude (0 no, 1 yes)? 
 Using suppressed amplitude.
Exact helicity sum (0 yes, n = number/event)? 
 Explicitly summing over helicities
Enter Configuration Number: 
Running Configuration Number:    3
 Using dconfig=           2
 BW Setting            2           0           0           0
 Attempting mappinvarients           1           6
 Completed mapping           6
 about to integrate            8        1000           5           3           8           1
 Using non-zero grid deformation.
  8 dimensions   1000 events  8 invarients  5 iterations  1 config(s),  (0.99)
 Using h-tuple random number sequence.
 Error opening grid
 Using Uniform Grid!          24
 Using uniform alpha   1.0000000000000000     
 Grid defined OK
 Set CM energy to         91.20
 Mapping Graph           3  to config           3
Setting grid   1    0.38473E-05   1
Setting grid   2    0.45994E-03   1
Setting grid   3    0.16753E-02   1
   3   1   2   3   4   5   6   7   8
 Masses: 0.000E+00 0.000E+00 0.000E+00 0.000E+00 0.178E+01 0.178E+01
Using random seed offsets     3 :      1
  with seed                   87
 Ranmar initialization seeds       17615        9464
 
 ********************************************
 * You are using the DiscreteSampler module *
 *      part of the MG5_aMC framework       *
 *         Author: Valentin Hirschi         *
 ********************************************
 
  Particle       3       4       5       6
      Et >     0.5     0.5     0.5     0.5
       E >     0.0     0.0     0.0     0.0
     Eta <     5.0     5.0     5.0     5.0
   xqcut:      0.0     0.0     0.0     0.0
d R # 3  >    -0.0     0.4     0.4     0.4
d R # 4  >    -0.0    -0.0     0.4     0.4
d R # 5  >    -0.0    -0.0    -0.0     0.4
s min # 3>     0.0     0.0     3.2     0.0
s min # 4>     0.0     0.0     3.2     0.0
s min # 5>     0.0     0.0     0.0     0.0
xqcutij # 3>     0.0     0.0     0.0     0.0
xqcutij # 4>     0.0     0.0     0.0     0.0
xqcutij # 5>     0.0     0.0     0.0     0.0
 Excluding BW           -1           1
 alpha_s for scale    80.630667825884899       is   0.12023187397012466     
 Added good helicity            1   11.800700926644117       in event            1 local:           1
 Added good helicity            2  2.00693454375172142E-005  in event            1 local:           1
 Added good helicity            3  9.42752594378583640E-005  in event            1 local:           1
 Added good helicity            4  0.86062221023143104       in event            1 local:           1
 Added good helicity           13   17.891461640521243       in event            1 local:           1
 Added good helicity           14  5.76381352655804132E-006  in event            1 local:           1
 Added good helicity           15  9.63989693471443087E-005  in event            1 local:           1
 Added good helicity           16   1.2664685942133860       in event            1 local:           1
 Added good helicity           25  2.23606030426620316E-003  in event            1 local:           1
 Added good helicity           26  1.19784524414938421E-006  in event            1 local:           1
 Added good helicity           27  2.28938120077583492E-004  in event            1 local:           1
 Added good helicity           28  5.52139554883121107E-004  in event            1 local:           1
 Added good helicity           37  8.37105838804840571E-004  in event            1 local:           1
 Added good helicity           38  2.26813041155252842E-004  in event            1 local:           1
 Added good helicity           39  1.27521192823907288E-006  in event            1 local:           1
 Added good helicity           40  2.25536071987830853E-003  in event            1 local:           1
 Added good helicity           49   3.3283264013491558       in event            1 local:           1
 Added good helicity           50  1.28315619220962336E-003  in event            1 local:           1
 Added good helicity           51  6.71412971603136408E-004  in event            1 local:           1
 Added good helicity           52   14.591863711510355       in event            1 local:           1
 Added good helicity           61   2.0854366489513771       in event            1 local:           1
 Added good helicity           62  2.13927065528463610E-004  in event            1 local:           1
 Added good helicity           63  2.88557685475167346E-004  in event            1 local:           1
 Added good helicity           64   12.166107414640145       in event            1 local:           1
 RESET CUMULATIVE VARIABLE
 RESET CUMULATIVE VARIABLE
 Iteration  1   Mean: 0.2008E-07 Abs mean: 0.2008E-07   Fluctuation:  0.259E-08   0.118E-05    43.1%
  1    0.2008E-07 0.2008E-07 +- 0.2590E-08      4.08
 Writing out events  9.31969162462635385E-012   4.0802402991536191     
 Relative summed weights:
  0.5424E+00  0.0000E+00
  0.4576E+00  0.0000E+00
 Relative number of events:
  0.5045E+00  0.0000E+00
  0.4955E+00  0.0000E+00
 Events:
         509           0
         500           0
 Iteration  2   Mean: 0.2797E-07 Abs mean: 0.2797E-07   Fluctuation:  0.151E-08   0.117E-05    79.8%
  2    0.2797E-07 0.2797E-07 +- 0.1512E-08      2.42
 Relative summed weights:
  0.5205E+00  0.0000E+00
  0.4795E+00  0.0000E+00
 Relative number of events:
  0.4970E+00  0.0000E+00
  0.5030E+00  0.0000E+00
 Events:
         994           0
        1006           0
 Iteration  3   Mean: 0.2773E-07 Abs mean: 0.2773E-07   Fluctuation:  0.660E-09   0.447E-06    87.7%
  3    0.2773E-07 0.2773E-07 +- 0.6598E-09      1.50
 Relative summed weights:
  0.4926E+00  0.0000E+00
  0.5074E+00  0.0000E+00
 Relative number of events:
  0.4893E+00  0.0000E+00
  0.5108E+00  0.0000E+00
 Events:
        1957           0
        2043           0
 Accuracy:    0.032   0.100   0.021   2.287
 Finished due to accuracy   3.24722431022735208E-002  0.10000000000000001     

 -------------------------------------------------------------------------------
 Accumulated results:   Integral =  0.2756E-07
                        Std dev  =  0.5918E-09
                       Cross sec =  0.2756E-07
             Chi**2 per DoF.     =      2.2870
 -------------------------------------------------------------------------------
 Found          408  events.
 Wrote          404  events.
 Actual xsec   2.75592392226275114E-008
 Correct abs xsec   2.75592392226275114E-008
 Event xsec   2.75592392226273261E-008
 Events wgts > 1:           15
 % Cross section > 1:   2.01347111033196801E-010  0.73059749366333060     
-------------------------------------------------
---------------------------
 Results Last   3 iters: Integral =   0.2756E-07
                     Abs integral =   0.2756E-07
                          Std dev =   0.5918E-09
                  Chi**2 per DoF. =      4.2430
-------------------------------------------------
---------------------------
 Status  0.10000000000000001                4           5

ls status:
events.lhe
ftn26
input_app.txt
results.dat
run1_app.log
