 Process in group number            1
 No PDF is used, alpha_s(MZ) from param_card is used
 Value of alpha_s from param_card:   0.11799999999999999     
 The default order of alpha_s running is fixed to            2
 Define smin to   12.630915999999999     
 *****************************************************
 *               MadGraph/MadEvent                   *
 *        --------------------------------           *
 *          http://madgraph.hep.uiuc.edu             *
 *          http://madgraph.phys.ucl.ac.be           *
 *          http://madgraph.roma2.infn.it            *
 *        --------------------------------           *
 *                                                   *
 *          PARAMETER AND COUPLING VALUES            *
 *                                                   *
 *****************************************************

  External Params
  ---------------------------------
  
 aEWM1 =    132.50700000000001     
 mdl_Gf =   1.16639000000000003E-005
 aS =   0.11799999999999999     
 mdl_ymb =    4.7000000000000002     
 mdl_ymt =    173.00000000000000     
 mdl_ymtau =    1.7769999999999999     
 mdl_MZ =    91.188000000000002     
 mdl_MT =    173.00000000000000     
 mdl_MB =    4.7000000000000002     
 mdl_MH =    125.00000000000000     
 mdl_MTA =    1.7769999999999999     
 mdl_WZ =    2.4414039999999999     
 mdl_WW =    2.0476000000000001     
 mdl_WT =    1.4915000000000000     
 mdl_WH =   6.38233899999999989E-003
  Internal Params
  ---------------------------------
  
 mdl_conjg__CKM3x3 =    1.0000000000000000     
 mdl_CKM3x3 =    1.0000000000000000     
 mdl_conjg__CKM1x1 =    1.0000000000000000     
 mdl_complexi =  (  0.0000000000000000     ,  1.0000000000000000     )
 mdl_MZ__exp__2 =    8315.2513440000002     
 mdl_MZ__exp__4 =    69143404.913893804     
 mdl_sqrt__2 =    1.4142135623730951     
 mdl_MH__exp__2 =    15625.000000000000     
 mdl_aEW =   7.54677111397888348E-003
 mdl_MW =    80.419002445756163     
 mdl_sqrt__aEW =   8.68721538467815552E-002
 mdl_ee =   0.30795376724436879     
 mdl_MW__exp__2 =    6467.2159543705357     
 mdl_sw2 =   0.22224648578577766     
 mdl_cw =   0.88190334743339216     
 mdl_sqrt__sw2 =   0.47143025548407230     
 mdl_sw =   0.47143025548407230     
 mdl_g1 =   0.34919219678733299     
 mdl_gw =   0.65323293034757990     
 mdl_vev =    246.21845810181637     
 mdl_vev__exp__2 =    60623.529110035903     
 mdl_lam =   0.12886910601690263     
 mdl_yb =   2.69955542504654901E-002
 mdl_yt =   0.99366614581500623     
 mdl_ytau =   1.02066170006547170E-002
 mdl_muH =    88.388347648318430     
 mdl_I1x33 =  ( 2.69955542504654901E-002,  0.0000000000000000     )
 mdl_I2x33 =  ( 0.99366614581500623     ,  0.0000000000000000     )
 mdl_I3x33 =  ( 0.99366614581500623     ,  0.0000000000000000     )
 mdl_I4x33 =  ( 2.69955542504654901E-002,  0.0000000000000000     )
 mdl_ee__exp__2 =   9.48355227599988748E-002
 mdl_sw__exp__2 =   0.22224648578577769     
 mdl_cw__exp__2 =   0.77775351421422245     
  Internal Params evaluated point by point
  ----------------------------------------
  
 mdl_sqrt__aS =   0.34351128074635334     
 mdl_G__exp__2 =    1.4828317324943823     
  Couplings of sm
  ---------------------------------
  
         GC_3 =  -0.00000E+00  -0.30795E+00
        GC_51 =   0.00000E+00   0.28804E+00
        GC_59 =   0.00000E+00   0.82310E-01
        GC_81 =   0.00000E+00   0.67544E+02
        GC_99 =  -0.00000E+00  -0.72172E-02

 Collider parameters:
 --------------------

 Running at e e   machine @    365.00000000000000       GeV
 PDF set = none   
 alpha_s(Mz)= 0.1180 running at 2 loops.
 alpha_s(Mz)= 0.1180 running at 2 loops.
 Renormalization scale set on event-by-event basis
 Factorization   scale set on event-by-event basis


 getting user params
Enter number of events and max and min iterations: 
 Number of events and iterations         1000           5           3
Enter desired fractional accuracy: 
 Desired fractional accuracy:   0.10000000000000001     
Enter 0 for fixed, 2 for adjustable grid: 
Suppress amplitude (0 no, 1 yes)? 
 Using suppressed amplitude.
Exact helicity sum (0 yes, n = number/event)? 
 Explicitly summing over helicities
Enter Configuration Number: 
Running Configuration Number:   26
 Not subdividing B.W.
 Attempting mappinvarients           1           6
 Completed mapping           6
 about to integrate            8        1000           5           3           8           1
 Using non-zero grid deformation.
  8 dimensions   1000 events  8 invarients  5 iterations  1 config(s),  (0.99)
 Using h-tuple random number sequence.
 Error opening grid
 Using Uniform Grid!          24
 Using uniform alpha   1.0000000000000000     
 Grid defined OK
 Set CM energy to        365.00
 Mapping Graph          26  to config          26
 Setting BW          -1           1   125.00000000000000     
Setting grid   2    0.18765E-05   1
Setting grid   3    0.18765E-05   1
  26   1   2   3   4   5   6   7   8
 Masses: 0.000E+00 0.000E+00 0.000E+00 0.000E+00 0.178E+01 0.178E+01
 Got moffset           1
Using random seed offsets    26 :      1
  with seed                  114
 Ranmar initialization seeds       20470       12649
 
 ********************************************
 * You are using the DiscreteSampler module *
 *      part of the MG5_aMC framework       *
 *         Author: Valentin Hirschi         *
 ********************************************
 
  Particle       3       4       5       6
      Et >     0.5     0.5     0.5     0.5
       E >     0.0     0.0     0.0     0.0
     Eta <     5.0     5.0     5.0     5.0
   xqcut:      0.0     0.0     0.0     0.0
d R # 3  >    -0.0     0.4     0.4     0.4
d R # 4  >    -0.0    -0.0     0.4     0.4
d R # 5  >    -0.0    -0.0    -0.0     0.4
s min # 3>     0.0     0.0     3.2     0.0
s min # 4>     0.0     0.0     3.2     0.0
s min # 5>     0.0     0.0     0.0     0.0
xqcutij # 3>     0.0     0.0     0.0     0.0
xqcutij # 4>     0.0     0.0     0.0     0.0
xqcutij # 5>     0.0     0.0     0.0     0.0
 No cut BW           -1           1
 No cut BW           -3           2
 alpha_s for scale    145.25915115303926       is   0.11026945318882533     
 Added good helicity           13   13.596273582393863       in event            1 local:           1
 Added good helicity           14  0.81198875494542055       in event            1 local:           1
 Added good helicity           15  0.90707530418202564       in event            1 local:           1
 Added good helicity           16   2.5622932039815991       in event            1 local:           1
 Added good helicity           25   6.2206105268075378       in event            1 local:           1
 Added good helicity           26  0.36500988752808100       in event            1 local:           1
 Added good helicity           27   1.9501649346974834       in event            1 local:           1
 Added good helicity           28   5.5801986982889327       in event            1 local:           1
 Added good helicity           37   5.5816878570829438       in event            1 local:           1
 Added good helicity           38   1.9535279500238751       in event            1 local:           1
 Added good helicity           39  0.36352836476670264       in event            1 local:           1
 Added good helicity           40   6.2185142650917893       in event            1 local:           1
 Added good helicity           49   2.5638084922566624       in event            1 local:           1
 Added good helicity           50  0.91010326930175645       in event            1 local:           1
 Added good helicity           51  0.81913732094813729       in event            1 local:           1
 Added good helicity           52   13.596077587703183       in event            1 local:           1
 Added good helicity            1  1.88310766910885199E-006  in event            3 local:           3
 Added good helicity            2  4.42556084308391637E-006  in event            3 local:           3
 Added good helicity            3  4.42735486802890366E-006  in event            3 local:           3
 Added good helicity            4  1.66930426347962376E-005  in event            3 local:           3
 Added good helicity           61  2.43738940596712222E-005  in event            3 local:           3
 Added good helicity           62  3.63877005156518876E-006  in event            3 local:           3
 Added good helicity           63  4.19462860854047907E-006  in event            3 local:           3
 Added good helicity           64  2.04684985292854804E-006  in event            3 local:           3
 RESET CUMULATIVE VARIABLE
 RESET CUMULATIVE VARIABLE
 Iteration  1   Mean: 0.1292E-03 Abs mean: 0.1292E-03   Fluctuation:  0.117E-04   0.276E-02    53.1%
  1    0.1292E-03 0.1292E-03 +- 0.1173E-04      2.87
 Writing out events  4.86968935965486005E-008   2.8710926534862669     
 Relative summed weights:
  0.1000E+01  0.0000E+00
 Relative number of events:
  0.1000E+01  0.0000E+00
 Events:
        1015           0
 Iteration  2   Mean: 0.1218E-03 Abs mean: 0.1218E-03   Fluctuation:  0.334E-05   0.893E-03    93.6%
  2    0.1218E-03 0.1218E-03 +- 0.3344E-05      1.23
 Relative summed weights:
  0.1000E+01  0.0000E+00
 Relative number of events:
  0.1000E+01  0.0000E+00
 Events:
        2000           0
 Iteration  3   Mean: 0.1175E-03 Abs mean: 0.1175E-03   Fluctuation:  0.147E-05   0.483E-03    96.2%
  3    0.1175E-03 0.1175E-03 +- 0.1469E-05      0.79
 Relative summed weights:
  0.1000E+01  0.0000E+00
 Relative number of events:
  0.1000E+01  0.0000E+00
 Events:
        4000           0
 Accuracy:    0.013   0.100   0.011   1.249
 Finished due to accuracy   1.26144087755472936E-002  0.10000000000000001     

 -------------------------------------------------------------------------------
 Accumulated results:   Integral =  0.1184E-03
                        Std dev  =  0.1337E-05
                       Cross sec =  0.1184E-03
             Chi**2 per DoF.     =      1.2487
 -------------------------------------------------------------------------------
 Found          387  events.
 Wrote          383  events.
 Actual xsec   1.18397058195258628E-004
 Correct abs xsec   1.18397058195258628E-004
 Event xsec   1.18397058195259292E-004
 Events wgts > 1:            0
 % Cross section > 1:    0.0000000000000000        0.0000000000000000     
-------------------------------------------------
---------------------------
 Results Last   3 iters: Integral =   0.1184E-03
                     Abs integral =   0.1184E-03
                          Std dev =   0.1337E-05
                  Chi**2 per DoF. =      1.1396
-------------------------------------------------
---------------------------
 Status  0.10000000000000001                4           5

ls status:
events.lhe
ftn26
input_app.txt
input_sg.txt
moffset.dat
results.dat
run1_app.log
run_01_log.txt
run_03_0_log.txt
run_05_log.txt
run_06_log.txt
