 Process in group number            1
 No PDF is used, alpha_s(MZ) from param_card is used
 Value of alpha_s from param_card:   0.11799999999999999     
 The default order of alpha_s running is fixed to            2
 Define smin to   12.630915999999999     
 *****************************************************
 *               MadGraph/MadEvent                   *
 *        --------------------------------           *
 *          http://madgraph.hep.uiuc.edu             *
 *          http://madgraph.phys.ucl.ac.be           *
 *          http://madgraph.roma2.infn.it            *
 *        --------------------------------           *
 *                                                   *
 *          PARAMETER AND COUPLING VALUES            *
 *                                                   *
 *****************************************************

  External Params
  ---------------------------------
  
 aEWM1 =    132.50700000000001     
 mdl_Gf =   1.16639000000000003E-005
 aS =   0.11799999999999999     
 mdl_ymb =    4.7000000000000002     
 mdl_ymt =    173.00000000000000     
 mdl_ymtau =    1.7769999999999999     
 mdl_MZ =    91.188000000000002     
 mdl_MT =    173.00000000000000     
 mdl_MB =    4.7000000000000002     
 mdl_MH =    125.00000000000000     
 mdl_MTA =    1.7769999999999999     
 mdl_WZ =    2.4414039999999999     
 mdl_WW =    2.0476000000000001     
 mdl_WT =    1.4915000000000000     
 mdl_WH =   6.38233899999999989E-003
  Internal Params
  ---------------------------------
  
 mdl_conjg__CKM3x3 =    1.0000000000000000     
 mdl_CKM3x3 =    1.0000000000000000     
 mdl_conjg__CKM1x1 =    1.0000000000000000     
 mdl_complexi =  (  0.0000000000000000     ,  1.0000000000000000     )
 mdl_MZ__exp__2 =    8315.2513440000002     
 mdl_MZ__exp__4 =    69143404.913893804     
 mdl_sqrt__2 =    1.4142135623730951     
 mdl_MH__exp__2 =    15625.000000000000     
 mdl_aEW =   7.54677111397888348E-003
 mdl_MW =    80.419002445756163     
 mdl_sqrt__aEW =   8.68721538467815552E-002
 mdl_ee =   0.30795376724436879     
 mdl_MW__exp__2 =    6467.2159543705357     
 mdl_sw2 =   0.22224648578577766     
 mdl_cw =   0.88190334743339216     
 mdl_sqrt__sw2 =   0.47143025548407230     
 mdl_sw =   0.47143025548407230     
 mdl_g1 =   0.34919219678733299     
 mdl_gw =   0.65323293034757990     
 mdl_vev =    246.21845810181637     
 mdl_vev__exp__2 =    60623.529110035903     
 mdl_lam =   0.12886910601690263     
 mdl_yb =   2.69955542504654901E-002
 mdl_yt =   0.99366614581500623     
 mdl_ytau =   1.02066170006547170E-002
 mdl_muH =    88.388347648318430     
 mdl_I1x33 =  ( 2.69955542504654901E-002,  0.0000000000000000     )
 mdl_I2x33 =  ( 0.99366614581500623     ,  0.0000000000000000     )
 mdl_I3x33 =  ( 0.99366614581500623     ,  0.0000000000000000     )
 mdl_I4x33 =  ( 2.69955542504654901E-002,  0.0000000000000000     )
 mdl_ee__exp__2 =   9.48355227599988748E-002
 mdl_sw__exp__2 =   0.22224648578577769     
 mdl_cw__exp__2 =   0.77775351421422245     
  Internal Params evaluated point by point
  ----------------------------------------
  
 mdl_sqrt__aS =   0.34351128074635334     
 mdl_G__exp__2 =    1.4828317324943823     
  Couplings of sm
  ---------------------------------
  
         GC_3 =  -0.00000E+00  -0.30795E+00
        GC_51 =   0.00000E+00   0.28804E+00
        GC_59 =   0.00000E+00   0.82310E-01
        GC_81 =   0.00000E+00   0.67544E+02
        GC_99 =  -0.00000E+00  -0.72172E-02

 Collider parameters:
 --------------------

 Running at e e   machine @    365.00000000000000       GeV
 PDF set = none   
 alpha_s(Mz)= 0.1180 running at 2 loops.
 alpha_s(Mz)= 0.1180 running at 2 loops.
 Renormalization scale set on event-by-event basis
 Factorization   scale set on event-by-event basis


 getting user params
Enter number of events and max and min iterations: 
 Number of events and iterations         1000           5           3
Enter desired fractional accuracy: 
 Desired fractional accuracy:   0.10000000000000001     
Enter 0 for fixed, 2 for adjustable grid: 
Suppress amplitude (0 no, 1 yes)? 
 Using suppressed amplitude.
Exact helicity sum (0 yes, n = number/event)? 
 Explicitly summing over helicities
Enter Configuration Number: 
Running Configuration Number:   46
 Not subdividing B.W.
 Attempting mappinvarients           1           6
 Completed mapping           6
 about to integrate            8        1000           5           3           8           1
 Using non-zero grid deformation.
  8 dimensions   1000 events  8 invarients  5 iterations  1 config(s),  (0.99)
 Using h-tuple random number sequence.
 Error opening grid
 Using Uniform Grid!          24
 Using uniform alpha   1.0000000000000000     
 Grid defined OK
 Set CM energy to        365.00
 Mapping Graph          46  to config          46
 Setting BW          -1           1   91.188000000000002     
Setting grid   2    0.24020E-06   1
Setting grid   3    0.75061E-05   1
  46   1   2   3   4   5   6   7   8
 Masses: 0.000E+00 0.000E+00 0.000E+00 0.000E+00 0.178E+01 0.178E+01
Using random seed offsets    46 :      1
  with seed                  114
 Ranmar initialization seeds       20490        9492
 
 ********************************************
 * You are using the DiscreteSampler module *
 *      part of the MG5_aMC framework       *
 *         Author: Valentin Hirschi         *
 ********************************************
 
  Particle       3       4       5       6
      Et >     0.5     0.5     0.5     0.5
       E >     0.0     0.0     0.0     0.0
     Eta <     5.0     5.0     5.0     5.0
   xqcut:      0.0     0.0     0.0     0.0
d R # 3  >    -0.0     0.4     0.4     0.4
d R # 4  >    -0.0    -0.0     0.4     0.4
d R # 5  >    -0.0    -0.0    -0.0     0.4
s min # 3>     0.0     0.0     3.2     0.0
s min # 4>     0.0     0.0     3.2     0.0
s min # 5>     0.0     0.0     0.0     0.0
xqcutij # 3>     0.0     0.0     0.0     0.0
xqcutij # 4>     0.0     0.0     0.0     0.0
xqcutij # 5>     0.0     0.0     0.0     0.0
 No cut BW           -1           1
 alpha_s for scale    193.69527474173702       is   0.10598768828595324     
 Added good helicity            1  4.31445190389655037E-002  in event            1 local:           1
 Added good helicity            2  2.15418541367474812E-005  in event            1 local:           1
 Added good helicity            3  1.69648189259250220E-003  in event            1 local:           1
 Added good helicity            4   1.7637534197640514       in event            1 local:           1
 Added good helicity           13  0.19984089189724616       in event            1 local:           1
 Added good helicity           14  2.86848506609657147E-005  in event            1 local:           1
 Added good helicity           15  4.72893348554583124E-003  in event            1 local:           1
 Added good helicity           16   5.2883643897141432       in event            1 local:           1
 Added good helicity           25  0.37421849201805352       in event            1 local:           1
 Added good helicity           26  8.95942224768083481E-005  in event            1 local:           1
 Added good helicity           27  1.06378462542423818E-002  in event            1 local:           1
 Added good helicity           28   11.285316168327391       in event            1 local:           1
 Added good helicity           37   27.583797019611470       in event            1 local:           1
 Added good helicity           38  3.30264804660633654E-002  in event            1 local:           1
 Added good helicity           39  6.85468848534558648E-005  in event            1 local:           1
 Added good helicity           40  0.37558650566095791       in event            1 local:           1
 Added good helicity           49   12.430668010239586       in event            1 local:           1
 Added good helicity           50  1.52412582916219702E-002  in event            1 local:           1
 Added good helicity           51  1.77217887582380099E-005  in event            1 local:           1
 Added good helicity           52  0.20346102765748028       in event            1 local:           1
 Added good helicity           61   4.3380486027717238       in event            1 local:           1
 Added good helicity           62  5.15891792567639042E-003  in event            1 local:           1
 Added good helicity           63  2.13897121027579501E-005  in event            1 local:           1
 Added good helicity           64  4.30635556702047353E-002  in event            1 local:           1
 RESET CUMULATIVE VARIABLE
 RESET CUMULATIVE VARIABLE
 Iteration  1   Mean: 0.4280E-03 Abs mean: 0.4280E-03   Fluctuation:  0.260E-04   0.104E-01    49.9%
  1    0.4280E-03 0.4280E-03 +- 0.2604E-04      1.92
 Writing out events  1.71698660570573535E-007   1.9241996323008401     
 Relative summed weights:
  0.1000E+01  0.0000E+00
 Relative number of events:
  0.1000E+01  0.0000E+00
 Events:
        1015           0
 Iteration  2   Mean: 0.5693E-03 Abs mean: 0.5693E-03   Fluctuation:  0.969E-04   0.188E+00    60.9%
  2    0.5693E-03 0.5693E-03 +- 0.9694E-04      7.62
 Relative summed weights:
  0.1000E+01  0.0000E+00
 Relative number of events:
  0.1000E+01  0.0000E+00
 Events:
        2000           0
 Iteration  3   Mean: 0.5322E-03 Abs mean: 0.5322E-03   Fluctuation:  0.369E-04   0.136E+00    59.3%
  3    0.5322E-03 0.5322E-03 +- 0.3692E-04      4.39
 Relative summed weights:
  0.1000E+01  0.0000E+00
 Relative number of events:
  0.1000E+01  0.0000E+00
 Events:
        4000           0
 Accuracy:    0.082   0.100   0.044   3.416
 Finished due to accuracy   8.16560280343436168E-002  0.10000000000000001     

 -------------------------------------------------------------------------------
 Accumulated results:   Integral =  0.4798E-03
                        Std dev  =  0.2119E-04
                       Cross sec =  0.4798E-03
             Chi**2 per DoF.     =      3.4165
 -------------------------------------------------------------------------------
 Found          538  events.
 Wrote           18  events.
 Actual xsec   4.79756130742299981E-004
 Correct abs xsec   4.79756130742299981E-004
 Event xsec   4.79756130742299927E-004
 Events wgts > 1:            0
 % Cross section > 1:    0.0000000000000000        0.0000000000000000     
-------------------------------------------------
---------------------------
 Results Last   3 iters: Integral =   0.4798E-03
                     Abs integral =   0.4798E-03
                          Std dev =   0.2119E-04
                  Chi**2 per DoF. =      3.4137
-------------------------------------------------
---------------------------
 Status  0.10000000000000001                4           5

ls status:
events.lhe
ftn26
input_app.txt
results.dat
run1_app.log
run_01_log.txt
run_02_0_log.txt
run_03_0_log.txt
run_05_log.txt
run_06_log.txt
