 Process in group number            1
 No PDF is used, alpha_s(MZ) from param_card is used
 Value of alpha_s from param_card:   0.11799999999999999     
 The default order of alpha_s running is fixed to            2
 Define smin to   12.630915999999999     
 *****************************************************
 *               MadGraph/MadEvent                   *
 *        --------------------------------           *
 *          http://madgraph.hep.uiuc.edu             *
 *          http://madgraph.phys.ucl.ac.be           *
 *          http://madgraph.roma2.infn.it            *
 *        --------------------------------           *
 *                                                   *
 *          PARAMETER AND COUPLING VALUES            *
 *                                                   *
 *****************************************************

  External Params
  ---------------------------------
  
 aEWM1 =    132.50700000000001     
 mdl_Gf =   1.16639000000000003E-005
 aS =   0.11799999999999999     
 mdl_ymb =    4.7000000000000002     
 mdl_ymt =    173.00000000000000     
 mdl_ymtau =    1.7769999999999999     
 mdl_MZ =    91.188000000000002     
 mdl_MT =    173.00000000000000     
 mdl_MB =    4.7000000000000002     
 mdl_MH =    125.00000000000000     
 mdl_MTA =    1.7769999999999999     
 mdl_WZ =    2.4414039999999999     
 mdl_WW =    2.0476000000000001     
 mdl_WT =    1.4915000000000000     
 mdl_WH =   6.38233899999999989E-003
  Internal Params
  ---------------------------------
  
 mdl_conjg__CKM3x3 =    1.0000000000000000     
 mdl_CKM3x3 =    1.0000000000000000     
 mdl_conjg__CKM1x1 =    1.0000000000000000     
 mdl_complexi =  (  0.0000000000000000     ,  1.0000000000000000     )
 mdl_MZ__exp__2 =    8315.2513440000002     
 mdl_MZ__exp__4 =    69143404.913893804     
 mdl_sqrt__2 =    1.4142135623730951     
 mdl_MH__exp__2 =    15625.000000000000     
 mdl_aEW =   7.54677111397888348E-003
 mdl_MW =    80.419002445756163     
 mdl_sqrt__aEW =   8.68721538467815552E-002
 mdl_ee =   0.30795376724436879     
 mdl_MW__exp__2 =    6467.2159543705357     
 mdl_sw2 =   0.22224648578577766     
 mdl_cw =   0.88190334743339216     
 mdl_sqrt__sw2 =   0.47143025548407230     
 mdl_sw =   0.47143025548407230     
 mdl_g1 =   0.34919219678733299     
 mdl_gw =   0.65323293034757990     
 mdl_vev =    246.21845810181637     
 mdl_vev__exp__2 =    60623.529110035903     
 mdl_lam =   0.12886910601690263     
 mdl_yb =   2.69955542504654901E-002
 mdl_yt =   0.99366614581500623     
 mdl_ytau =   1.02066170006547170E-002
 mdl_muH =    88.388347648318430     
 mdl_I1x33 =  ( 2.69955542504654901E-002,  0.0000000000000000     )
 mdl_I2x33 =  ( 0.99366614581500623     ,  0.0000000000000000     )
 mdl_I3x33 =  ( 0.99366614581500623     ,  0.0000000000000000     )
 mdl_I4x33 =  ( 2.69955542504654901E-002,  0.0000000000000000     )
 mdl_ee__exp__2 =   9.48355227599988748E-002
 mdl_sw__exp__2 =   0.22224648578577769     
 mdl_cw__exp__2 =   0.77775351421422245     
  Internal Params evaluated point by point
  ----------------------------------------
  
 mdl_sqrt__aS =   0.34351128074635334     
 mdl_G__exp__2 =    1.4828317324943823     
  Couplings of sm
  ---------------------------------
  
         GC_3 =  -0.00000E+00  -0.30795E+00
        GC_51 =   0.00000E+00   0.28804E+00
        GC_59 =   0.00000E+00   0.82310E-01
        GC_81 =   0.00000E+00   0.67544E+02
        GC_99 =  -0.00000E+00  -0.72172E-02

 Collider parameters:
 --------------------

 Running at e e   machine @    1000.0000000000000       GeV
 PDF set = none   
 alpha_s(Mz)= 0.1180 running at 2 loops.
 alpha_s(Mz)= 0.1180 running at 2 loops.
 Renormalization scale set on event-by-event basis
 Factorization   scale set on event-by-event basis


 getting user params
Enter number of events and max and min iterations: 
 Number of events and iterations         1000           5           3
Enter desired fractional accuracy: 
 Desired fractional accuracy:   0.10000000000000001     
Enter 0 for fixed, 2 for adjustable grid: 
Suppress amplitude (0 no, 1 yes)? 
 Using suppressed amplitude.
Exact helicity sum (0 yes, n = number/event)? 
 Explicitly summing over helicities
Enter Configuration Number: 
Running Configuration Number:   18
 Not subdividing B.W.
 Attempting mappinvarients           1           6
 Completed mapping           6
 about to integrate            8        1000           5           3           8           1
 Using non-zero grid deformation.
  8 dimensions   1000 events  8 invarients  5 iterations  1 config(s),  (0.99)
 Using h-tuple random number sequence.
 Error opening grid
 Using Uniform Grid!          24
 Using uniform alpha   1.0000000000000000     
 Grid defined OK
 Set CM energy to       1000.00
 Mapping Graph          18  to config          18
Setting grid   1    0.25000E-06   1
Setting grid   2    0.31577E-05   1
Setting grid   3    0.25000E-06   1
  18   1   2   3   4   5   6   7   8
 Masses: 0.000E+00 0.000E+00 0.000E+00 0.000E+00 0.178E+01 0.178E+01
Using random seed offsets    18 :      1
  with seed                   78
 Ranmar initialization seeds        6659        9455
 
 ********************************************
 * You are using the DiscreteSampler module *
 *      part of the MG5_aMC framework       *
 *         Author: Valentin Hirschi         *
 ********************************************
 
  Particle       3       4       5       6
      Et >     0.5     0.5     0.5     0.5
       E >     0.0     0.0     0.0     0.0
     Eta <     5.0     5.0     5.0     5.0
   xqcut:      0.0     0.0     0.0     0.0
d R # 3  >    -0.0     0.4     0.4     0.4
d R # 4  >    -0.0    -0.0     0.4     0.4
d R # 5  >    -0.0    -0.0    -0.0     0.4
s min # 3>     0.0     0.0     3.2     0.0
s min # 4>     0.0     0.0     3.2     0.0
s min # 5>     0.0     0.0     0.0     0.0
xqcutij # 3>     0.0     0.0     0.0     0.0
xqcutij # 4>     0.0     0.0     0.0     0.0
xqcutij # 5>     0.0     0.0     0.0     0.0
 alpha_s for scale    516.63705298377215       is   9.36333353144606084E-002
 Added good helicity           13   6.3537237095337504       in event            1 local:           1
 Added good helicity           14  8.50440572099009362E-002  in event            1 local:           1
 Added good helicity           15  5.19270912493274145E-002  in event            1 local:           1
 Added good helicity           16   9.0835071399860077       in event            1 local:           1
 Added good helicity           25   10.347482038167371       in event            1 local:           1
 Added good helicity           26  4.34046493254355570E-002  in event            1 local:           1
 Added good helicity           27  0.10795374683785582       in event            1 local:           1
 Added good helicity           28   5.9043676860181096       in event            1 local:           1
 Added good helicity           37   5.9288377877497167       in event            1 local:           1
 Added good helicity           38  0.10111487326435745       in event            1 local:           1
 Added good helicity           39  4.36612872203161265E-002  in event            1 local:           1
 Added good helicity           40   9.7607200980004851       in event            1 local:           1
 Added good helicity           49   9.6811327219985834       in event            1 local:           1
 Added good helicity           50  5.18084129872033519E-002  in event            1 local:           1
 Added good helicity           51  9.14496447942695218E-002  in event            1 local:           1
 Added good helicity           52   6.3638650556572767       in event            1 local:           1
 Added good helicity            1  1.57285596951322886E-007  in event            4 local:           4
 Added good helicity            4  8.86048451770105801E-007  in event            4 local:           4
 Added good helicity           61  1.27297036954987527E-006  in event            4 local:           4
 Added good helicity           64  9.47733667470685692E-008  in event            4 local:           4
 Added good helicity            3  2.79504329879563408E-008  in event           13 local:          13
 Added good helicity           62  2.68611417565977211E-008  in event           13 local:          13
 Added good helicity            2  6.25951382136261264E-008  in event           14 local:          14
 Added good helicity           63  7.26850098173809293E-008  in event           14 local:          14
 RESET CUMULATIVE VARIABLE
 RESET CUMULATIVE VARIABLE
 Iteration  1   Mean: 0.6212E+00 Abs mean: 0.6212E+00   Fluctuation:  0.221E+00   0.201E+03    39.1%
  1    0.6212E+00 0.6212E+00 +- 0.2213E+00     11.27
 Writing out events  3.17577097078139783E-004   11.266482187667920     
 Relative summed weights:
  0.6635E+00  0.0000E+00
  0.3365E+00  0.0000E+00
 Relative number of events:
  0.4589E+00  0.0000E+00
  0.5411E+00  0.0000E+00
 Events:
         463           0
         546           0
 Iteration  2   Mean: 0.4158E+00 Abs mean: 0.4158E+00   Fluctuation:  0.468E-01   0.558E+02    74.4%
  2    0.4158E+00 0.4158E+00 +- 0.4681E-01      5.04
 Relative summed weights:
  0.5201E+00  0.0000E+00
  0.4799E+00  0.0000E+00
 Relative number of events:
  0.4650E+00  0.0000E+00
  0.5350E+00  0.0000E+00
 Events:
         930           0
        1070           0
 Iteration  3   Mean: 0.4295E+00 Abs mean: 0.4295E+00   Fluctuation:  0.262E-01   0.526E+02    74.7%
  3    0.4295E+00 0.4295E+00 +- 0.2622E-01      3.86
 Relative summed weights:
  0.5343E+00  0.0000E+00
  0.4657E+00  0.0000E+00
 Relative number of events:
  0.4580E+00  0.0000E+00
  0.5420E+00  0.0000E+00
 Events:
        1832           0
        2168           0
 Accuracy:    0.048   0.100   0.053   0.819
 Finished due to accuracy   4.80412317672913175E-002  0.10000000000000001     

 -------------------------------------------------------------------------------
 Accumulated results:   Integral =  0.4307E+00
                        Std dev  =  0.2286E-01
                       Cross sec =  0.4307E+00
             Chi**2 per DoF.     =      0.8193
 -------------------------------------------------------------------------------
 Found          402  events.
 Wrote           44  events.
 Actual xsec   0.43071586673526080     
 Correct abs xsec   0.43071586673526080     
 Event xsec   0.43071586673526091     
 Events wgts > 1:            1
 % Cross section > 1:   3.68993326028483649E-003  0.85669777810921699     
-------------------------------------------------
---------------------------
 Results Last   3 iters: Integral =   0.4307E+00
                     Abs integral =   0.4307E+00
                          Std dev =   0.2286E-01
                  Chi**2 per DoF. =      0.4226
-------------------------------------------------
---------------------------
 Status  0.10000000000000001                4           5

ls status:
events.lhe
ftn26
input_app.txt
multijob.dat
results.dat
run1_app.log
run_01_log.txt
run_02_0_log.txt
