 Process in group number            1
 No PDF is used, alpha_s(MZ) from param_card is used
 Value of alpha_s from param_card:   0.11799999999999999     
 The default order of alpha_s running is fixed to            2
 Define smin to   12.630915999999999     
 *****************************************************
 *               MadGraph/MadEvent                   *
 *        --------------------------------           *
 *          http://madgraph.hep.uiuc.edu             *
 *          http://madgraph.phys.ucl.ac.be           *
 *          http://madgraph.roma2.infn.it            *
 *        --------------------------------           *
 *                                                   *
 *          PARAMETER AND COUPLING VALUES            *
 *                                                   *
 *****************************************************

  External Params
  ---------------------------------
  
 aEWM1 =    132.50700000000001     
 mdl_Gf =   1.16639000000000003E-005
 aS =   0.11799999999999999     
 mdl_ymb =    4.7000000000000002     
 mdl_ymt =    173.00000000000000     
 mdl_ymtau =    1.7769999999999999     
 mdl_MZ =    91.188000000000002     
 mdl_MT =    173.00000000000000     
 mdl_MB =    4.7000000000000002     
 mdl_MH =    125.00000000000000     
 mdl_MTA =    1.7769999999999999     
 mdl_WZ =    2.4414039999999999     
 mdl_WW =    2.0476000000000001     
 mdl_WT =    1.4915000000000000     
 mdl_WH =   6.38233899999999989E-003
  Internal Params
  ---------------------------------
  
 mdl_conjg__CKM3x3 =    1.0000000000000000     
 mdl_CKM3x3 =    1.0000000000000000     
 mdl_conjg__CKM1x1 =    1.0000000000000000     
 mdl_complexi =  (  0.0000000000000000     ,  1.0000000000000000     )
 mdl_MZ__exp__2 =    8315.2513440000002     
 mdl_MZ__exp__4 =    69143404.913893804     
 mdl_sqrt__2 =    1.4142135623730951     
 mdl_MH__exp__2 =    15625.000000000000     
 mdl_aEW =   7.54677111397888348E-003
 mdl_MW =    80.419002445756163     
 mdl_sqrt__aEW =   8.68721538467815552E-002
 mdl_ee =   0.30795376724436879     
 mdl_MW__exp__2 =    6467.2159543705357     
 mdl_sw2 =   0.22224648578577766     
 mdl_cw =   0.88190334743339216     
 mdl_sqrt__sw2 =   0.47143025548407230     
 mdl_sw =   0.47143025548407230     
 mdl_g1 =   0.34919219678733299     
 mdl_gw =   0.65323293034757990     
 mdl_vev =    246.21845810181637     
 mdl_vev__exp__2 =    60623.529110035903     
 mdl_lam =   0.12886910601690263     
 mdl_yb =   2.69955542504654901E-002
 mdl_yt =   0.99366614581500623     
 mdl_ytau =   1.02066170006547170E-002
 mdl_muH =    88.388347648318430     
 mdl_I1x33 =  ( 2.69955542504654901E-002,  0.0000000000000000     )
 mdl_I2x33 =  ( 0.99366614581500623     ,  0.0000000000000000     )
 mdl_I3x33 =  ( 0.99366614581500623     ,  0.0000000000000000     )
 mdl_I4x33 =  ( 2.69955542504654901E-002,  0.0000000000000000     )
 mdl_ee__exp__2 =   9.48355227599988748E-002
 mdl_sw__exp__2 =   0.22224648578577769     
 mdl_cw__exp__2 =   0.77775351421422245     
  Internal Params evaluated point by point
  ----------------------------------------
  
 mdl_sqrt__aS =   0.34351128074635334     
 mdl_G__exp__2 =    1.4828317324943823     
  Couplings of sm
  ---------------------------------
  
         GC_3 =  -0.00000E+00  -0.30795E+00
        GC_51 =   0.00000E+00   0.28804E+00
        GC_59 =   0.00000E+00   0.82310E-01
        GC_81 =   0.00000E+00   0.67544E+02
        GC_99 =  -0.00000E+00  -0.72172E-02

 Collider parameters:
 --------------------

 Running at e e   machine @    91.200000000000003       GeV
 PDF set = none   
 alpha_s(Mz)= 0.1180 running at 2 loops.
 alpha_s(Mz)= 0.1180 running at 2 loops.
 Renormalization scale set on event-by-event basis
 Factorization   scale set on event-by-event basis


 getting user params
Enter number of events and max and min iterations: 
 Number of events and iterations         1000           5           3
Enter desired fractional accuracy: 
 Desired fractional accuracy:   0.10000000000000001     
Enter 0 for fixed, 2 for adjustable grid: 
Suppress amplitude (0 no, 1 yes)? 
 Using suppressed amplitude.
Exact helicity sum (0 yes, n = number/event)? 
 Explicitly summing over helicities
Enter Configuration Number: 
Running Configuration Number:   12
 Using dconfig=           1
 BW Setting            1           0           0           0
 Attempting mappinvarients           1           6
 Completed mapping           6
 about to integrate            8        1000           5           3           8           1
 Using non-zero grid deformation.
  8 dimensions   1000 events  8 invarients  5 iterations  1 config(s),  (0.99)
 Using h-tuple random number sequence.
 Error opening grid
 Using Uniform Grid!          24
 Using uniform alpha   1.0000000000000000     
 Grid defined OK
 Set CM energy to         91.20
 Mapping Graph          12  to config          12
 Setting BW          -1           1   91.188000000000002     
Setting grid   2    0.74999E+00   1
Setting grid   3    0.74999E+00   1
  12   1   2   3   4   5   6   7   8
 Masses: 0.000E+00 0.000E+00 0.000E+00 0.000E+00 0.178E+01 0.178E+01
Using random seed offsets    12 :      1
  with seed                   87
 Ranmar initialization seeds       17624        9464
 
 ********************************************
 * You are using the DiscreteSampler module *
 *      part of the MG5_aMC framework       *
 *         Author: Valentin Hirschi         *
 ********************************************
 
  Particle       3       4       5       6
      Et >     0.5     0.5     0.5     0.5
       E >     0.0     0.0     0.0     0.0
     Eta <     5.0     5.0     5.0     5.0
   xqcut:      0.0     0.0     0.0     0.0
d R # 3  >    -0.0     0.4     0.4     0.4
d R # 4  >    -0.0    -0.0     0.4     0.4
d R # 5  >    -0.0    -0.0    -0.0     0.4
s min # 3>     0.0     0.0     3.2     0.0
s min # 4>     0.0     0.0     3.2     0.0
s min # 5>     0.0     0.0     0.0     0.0
xqcutij # 3>     0.0     0.0     0.0     0.0
xqcutij # 4>     0.0     0.0     0.0     0.0
xqcutij # 5>     0.0     0.0     0.0     0.0
 Requiring BW           -1           1
 alpha_s for scale    87.550082241339538       is   0.11872903352967361     
 Added good helicity            1   28.307083332993592       in event            1 local:           1
 Added good helicity            2  3.26275096286853059E-004  in event            1 local:           1
 Added good helicity            3  7.60861712724774102E-004  in event            1 local:           1
 Added good helicity            4  0.71144941225921365       in event            1 local:           1
 Added good helicity           13   2.8716231690241409       in event            1 local:           1
 Added good helicity           14  1.53581637841434393E-004  in event            1 local:           1
 Added good helicity           15  1.47717635268281131E-004  in event            1 local:           1
 Added good helicity           16  6.70999382351180063E-002  in event            1 local:           1
 Added good helicity           25  1.68418836622517154E-004  in event            1 local:           1
 Added good helicity           26  3.27084895679574927E-008  in event            1 local:           1
 Added good helicity           27  7.61381076912622478E-005  in event            1 local:           1
 Added good helicity           28  2.30691291150160951E-005  in event            1 local:           1
 Added good helicity           37  3.29656050426270435E-005  in event            1 local:           1
 Added good helicity           38  7.60883653460260226E-005  in event            1 local:           1
 Added good helicity           39  2.78109925385710507E-008  in event            1 local:           1
 Added good helicity           40  2.94879370726306973E-004  in event            1 local:           1
 Added good helicity           49  0.99020738646101103       in event            1 local:           1
 Added good helicity           50  2.01756548865841087E-005  in event            1 local:           1
 Added good helicity           51  8.74770939847418127E-005  in event            1 local:           1
 Added good helicity           52   24.772325257970774       in event            1 local:           1
 Added good helicity           61  0.86214341134617600       in event            1 local:           1
 Added good helicity           62  1.39625909406317929E-003  in event            1 local:           1
 Added good helicity           63  7.95416962594123838E-004  in event            1 local:           1
 Added good helicity           64   5.4137087068882943       in event            1 local:           1
 RESET CUMULATIVE VARIABLE
 RESET CUMULATIVE VARIABLE
 Iteration  1   Mean: 0.1686E-09 Abs mean: 0.1686E-09   Fluctuation:  0.119E-09   0.117E-06    17.9%
  1    0.1686E-09 0.1686E-09 +- 0.1189E-09     22.31
 Writing out events  1.88152803055237901E-013   22.306412652191767     
 Relative summed weights:
  0.6690E-01  0.0000E+00
  0.9331E+00  0.0000E+00
 Relative number of events:
  0.4876E+00  0.0000E+00
  0.5124E+00  0.0000E+00
 Events:
         492           0
         517           0
 Iteration  2   Mean: 0.9564E-10 Abs mean: 0.9564E-10   Fluctuation:  0.134E-10   0.145E-07    56.4%
  2    0.9564E-10 0.9564E-10 +- 0.1335E-10      6.24
 Relative summed weights:
  0.3476E+00  0.0000E+00
  0.6524E+00  0.0000E+00
 Relative number of events:
  0.4780E+00  0.0000E+00
  0.5220E+00  0.0000E+00
 Events:
         956           0
        1044           0
 Iteration  3   Mean: 0.1053E-09 Abs mean: 0.1053E-09   Fluctuation:  0.501E-11   0.428E-08    71.6%
  3    0.1053E-09 0.1053E-09 +- 0.5007E-11      3.01
 Relative summed weights:
  0.4895E+00  0.0000E+00
  0.5105E+00  0.0000E+00
 Relative number of events:
  0.4935E+00  0.0000E+00
  0.5065E+00  0.0000E+00
 Events:
        1974           0
        2026           0
 Accuracy:    0.034   0.100   0.045   0.575
 Finished due to accuracy   3.40604595725510703E-002  0.10000000000000001     

 -------------------------------------------------------------------------------
 Accumulated results:   Integral =  0.1046E-09
                        Std dev  =  0.4697E-11
                       Cross sec =  0.1046E-09
             Chi**2 per DoF.     =      0.5750
 -------------------------------------------------------------------------------
 Found          448  events.
 Wrote          118  events.
 Actual xsec   1.04563311898265054E-010
 Correct abs xsec   1.04563311898265054E-010
 Event xsec   1.04563311898265313E-010
 Events wgts > 1:            7
 % Cross section > 1:   7.49978647096984123E-013  0.71724836702444406     
-------------------------------------------------
---------------------------
 Results Last   3 iters: Integral =   0.1046E-09
                     Abs integral =   0.1046E-09
                          Std dev =   0.4697E-11
                  Chi**2 per DoF. =      0.3792
-------------------------------------------------
---------------------------
 Status  0.10000000000000001                4           5

ls status:
events.lhe
ftn26
input_app.txt
results.dat
run1_app.log
