 Process in group number            1
 No PDF is used, alpha_s(MZ) from param_card is used
 Value of alpha_s from param_card:   0.11799999999999999     
 The default order of alpha_s running is fixed to            2
 Define smin to   12.630915999999999     
 *****************************************************
 *               MadGraph/MadEvent                   *
 *        --------------------------------           *
 *          http://madgraph.hep.uiuc.edu             *
 *          http://madgraph.phys.ucl.ac.be           *
 *          http://madgraph.roma2.infn.it            *
 *        --------------------------------           *
 *                                                   *
 *          PARAMETER AND COUPLING VALUES            *
 *                                                   *
 *****************************************************

  External Params
  ---------------------------------
  
 aEWM1 =    132.50700000000001     
 mdl_Gf =   1.16639000000000003E-005
 aS =   0.11799999999999999     
 mdl_ymb =    4.7000000000000002     
 mdl_ymt =    173.00000000000000     
 mdl_ymtau =    1.7769999999999999     
 mdl_MZ =    91.188000000000002     
 mdl_MT =    173.00000000000000     
 mdl_MB =    4.7000000000000002     
 mdl_MH =    125.00000000000000     
 mdl_MTA =    1.7769999999999999     
 mdl_WZ =    2.4414039999999999     
 mdl_WW =    2.0476000000000001     
 mdl_WT =    1.4915000000000000     
 mdl_WH =   6.38233899999999989E-003
  Internal Params
  ---------------------------------
  
 mdl_conjg__CKM3x3 =    1.0000000000000000     
 mdl_CKM3x3 =    1.0000000000000000     
 mdl_conjg__CKM1x1 =    1.0000000000000000     
 mdl_complexi =  (  0.0000000000000000     ,  1.0000000000000000     )
 mdl_MZ__exp__2 =    8315.2513440000002     
 mdl_MZ__exp__4 =    69143404.913893804     
 mdl_sqrt__2 =    1.4142135623730951     
 mdl_MH__exp__2 =    15625.000000000000     
 mdl_aEW =   7.54677111397888348E-003
 mdl_MW =    80.419002445756163     
 mdl_sqrt__aEW =   8.68721538467815552E-002
 mdl_ee =   0.30795376724436879     
 mdl_MW__exp__2 =    6467.2159543705357     
 mdl_sw2 =   0.22224648578577766     
 mdl_cw =   0.88190334743339216     
 mdl_sqrt__sw2 =   0.47143025548407230     
 mdl_sw =   0.47143025548407230     
 mdl_g1 =   0.34919219678733299     
 mdl_gw =   0.65323293034757990     
 mdl_vev =    246.21845810181637     
 mdl_vev__exp__2 =    60623.529110035903     
 mdl_lam =   0.12886910601690263     
 mdl_yb =   2.69955542504654901E-002
 mdl_yt =   0.99366614581500623     
 mdl_ytau =   1.02066170006547170E-002
 mdl_muH =    88.388347648318430     
 mdl_I1x33 =  ( 2.69955542504654901E-002,  0.0000000000000000     )
 mdl_I2x33 =  ( 0.99366614581500623     ,  0.0000000000000000     )
 mdl_I3x33 =  ( 0.99366614581500623     ,  0.0000000000000000     )
 mdl_I4x33 =  ( 2.69955542504654901E-002,  0.0000000000000000     )
 mdl_ee__exp__2 =   9.48355227599988748E-002
 mdl_sw__exp__2 =   0.22224648578577769     
 mdl_cw__exp__2 =   0.77775351421422245     
  Internal Params evaluated point by point
  ----------------------------------------
  
 mdl_sqrt__aS =   0.34351128074635334     
 mdl_G__exp__2 =    1.4828317324943823     
  Couplings of sm
  ---------------------------------
  
         GC_3 =  -0.00000E+00  -0.30795E+00
        GC_51 =   0.00000E+00   0.28804E+00
        GC_59 =   0.00000E+00   0.82310E-01
        GC_81 =   0.00000E+00   0.67544E+02
        GC_99 =  -0.00000E+00  -0.72172E-02

 Collider parameters:
 --------------------

 Running at e e   machine @    1000.0000000000000       GeV
 PDF set = none   
 alpha_s(Mz)= 0.1180 running at 2 loops.
 alpha_s(Mz)= 0.1180 running at 2 loops.
 Renormalization scale set on event-by-event basis
 Factorization   scale set on event-by-event basis


 getting user params
Enter number of events and max and min iterations: 
 Number of events and iterations         1000           5           3
Enter desired fractional accuracy: 
 Desired fractional accuracy:   0.10000000000000001     
Enter 0 for fixed, 2 for adjustable grid: 
Suppress amplitude (0 no, 1 yes)? 
 Using suppressed amplitude.
Exact helicity sum (0 yes, n = number/event)? 
 Explicitly summing over helicities
Enter Configuration Number: 
Running Configuration Number:    9
 Using dconfig=          25
 BW Setting            1           2           2           0
 Attempting mappinvarients           1           6
 Completed mapping           6
 about to integrate            8        1000           5           3           8           1
 Using non-zero grid deformation.
  8 dimensions   1000 events  8 invarients  5 iterations  1 config(s),  (0.99)
 Using h-tuple random number sequence.
 Error opening grid
 Using Uniform Grid!          24
 Using uniform alpha   1.0000000000000000     
 Grid defined OK
 Set CM energy to       1000.00
 Mapping Graph           9  to config           9
 Setting BW          -1           1   91.188000000000002     
Setting grid   2    0.12631E-04   1
Setting grid   3    0.68120E-02   1
   9   1   2   3   4   5   6   7   8
 Masses: 0.000E+00 0.000E+00 0.000E+00 0.000E+00 0.178E+01 0.178E+01
Using random seed offsets     9 :      1
  with seed                   78
 Ranmar initialization seeds        6650        9455
 
 ********************************************
 * You are using the DiscreteSampler module *
 *      part of the MG5_aMC framework       *
 *         Author: Valentin Hirschi         *
 ********************************************
 
  Particle       3       4       5       6
      Et >     0.5     0.5     0.5     0.5
       E >     0.0     0.0     0.0     0.0
     Eta <     5.0     5.0     5.0     5.0
   xqcut:      0.0     0.0     0.0     0.0
d R # 3  >    -0.0     0.4     0.4     0.4
d R # 4  >    -0.0    -0.0     0.4     0.4
d R # 5  >    -0.0    -0.0    -0.0     0.4
s min # 3>     0.0     0.0     3.2     0.0
s min # 4>     0.0     0.0     3.2     0.0
s min # 5>     0.0     0.0     0.0     0.0
xqcutij # 3>     0.0     0.0     0.0     0.0
xqcutij # 4>     0.0     0.0     0.0     0.0
xqcutij # 5>     0.0     0.0     0.0     0.0
 Requiring BW           -1           1
 Excluding BW           -2           2
 Excluding BW           -3           3
 alpha_s for scale    502.18855156303960       is   9.39492577841752052E-002
 Added good helicity            1  0.13087660038260479       in event            1 local:           1
 Added good helicity            2  4.83143632114728730E-003  in event            1 local:           1
 Added good helicity            3  5.73963430086851106E-003  in event            1 local:           1
 Added good helicity            4  0.27362881605240214       in event            1 local:           1
 Added good helicity           13  0.15464315499047401       in event            1 local:           1
 Added good helicity           14  0.92301732709702300       in event            1 local:           1
 Added good helicity           15  8.19120086861453711E-003  in event            1 local:           1
 Added good helicity           16   27.657802963830356       in event            1 local:           1
 Added good helicity           25  0.52853439664110347       in event            1 local:           1
 Added good helicity           26  4.60914328383109691E-006  in event            1 local:           1
 Added good helicity           27  2.69511365904481388E-002  in event            1 local:           1
 Added good helicity           28  1.16946477191348219E-003  in event            1 local:           1
 Added good helicity           37  1.13452102224188985E-003  in event            1 local:           1
 Added good helicity           38  4.61210384209940760E-002  in event            1 local:           1
 Added good helicity           39  4.44354961256842589E-006  in event            1 local:           1
 Added good helicity           40  0.99142216847473508       in event            1 local:           1
 Added good helicity           49   31.759026749225526       in event            1 local:           1
 Added good helicity           50  1.39132919035447524E-002  in event            1 local:           1
 Added good helicity           51  0.94212522136002552       in event            1 local:           1
 Added good helicity           52  0.23876890540369733       in event            1 local:           1
 Added good helicity           61  0.15035981179197627       in event            1 local:           1
 Added good helicity           62  5.71766833436841357E-003  in event            1 local:           1
 Added good helicity           63  1.63467221962685012E-003  in event            1 local:           1
 Added good helicity           64  0.13438076730339524       in event            1 local:           1
 RESET CUMULATIVE VARIABLE
 RESET CUMULATIVE VARIABLE
 Iteration  1   Mean: 0.1073E-07 Abs mean: 0.1073E-07   Fluctuation:  0.986E-08   0.985E-05    43.0%
  1    0.1073E-07 0.1073E-07 +- 0.9859E-08     29.04
 Writing out events  4.99386390841214220E-012   29.042989958544410     
 Relative summed weights:
  0.1000E+01  0.0000E+00
 Relative number of events:
  0.1000E+01  0.0000E+00
 Events:
        1015           0
 Iteration  2   Mean: 0.2570E-08 Abs mean: 0.2570E-08   Fluctuation:  0.141E-08   0.250E-05    79.4%
  2    0.2570E-08 0.2570E-08 +- 0.1409E-08     24.52
 Relative summed weights:
  0.1000E+01  0.0000E+00
 Relative number of events:
  0.1000E+01  0.0000E+00
 Events:
        2000           0
 Iteration  3   Mean: 0.7396E-07 Abs mean: 0.7396E-07   Fluctuation:  0.292E-07   0.958E-04    87.8%
  3    0.7396E-07 0.7396E-07 +- 0.2920E-07     24.97
 Relative summed weights:
  0.1000E+01  0.0000E+00
 Relative number of events:
  0.1000E+01  0.0000E+00
 Events:
        4000           0
 Accuracy:    0.533   0.100   0.303   3.099
 Found          274  events.
 Wrote            2  events.
 Actual xsec   4.53666646589683964E-008
 Correct abs xsec   4.53666646589683964E-008
 Event xsec   4.53666646589684030E-008
 Events wgts > 1:            1
 % Cross section > 1:   1.36155843914782538E-015  3.00123107877330554E-006
 Iteration  4   Mean: 0.1250E-06 Abs mean: 0.1250E-06   Fluctuation:  0.170E-07   0.767E-04    79.9%
  4    0.1250E-06 0.1250E-06 +- 0.1702E-07     12.18
 Relative summed weights:
  0.1000E+01  0.0000E+00
 Relative number of events:
  0.1000E+01  0.0000E+00
 Events:
        8000           0
 Accuracy:    0.170   0.100   0.124   1.884
 Found          417  events.
 Wrote           11  events.
 Actual xsec   1.13441537190058926E-007
 Correct abs xsec   1.13441537190058926E-007
 Event xsec   1.13441537190058913E-007
 Events wgts > 1:            0
 % Cross section > 1:    0.0000000000000000        0.0000000000000000     
 Iteration  5   Mean: 0.1440E-06 Abs mean: 0.1440E-06   Fluctuation:  0.508E-08   0.170E-04    76.3%
  5    0.1440E-06 0.1440E-06 +- 0.5083E-08      4.47
 Relative summed weights:
  0.1000E+01  0.0000E+00
 Relative number of events:
  0.1000E+01  0.0000E+00
 Events:
       16000           0
 Accuracy:    0.044   0.100   0.034   1.663
 Finished due to accuracy   4.38060516434397515E-002  0.10000000000000001     

 -------------------------------------------------------------------------------
 Accumulated results:   Integral =  0.1415E-06
                        Std dev  =  0.4807E-08
                       Cross sec =  0.1415E-06
             Chi**2 per DoF.     =      1.6634
 -------------------------------------------------------------------------------
 Found         1541  events.
 Wrote          200  events.
 Actual xsec   1.42244383148691736E-007
 Correct abs xsec   1.42244383148691736E-007
 Event xsec   1.42244383148691816E-007
 Events wgts > 1:           10
 % Cross section > 1:   1.33188413372271906E-009  0.93633513270641089     
-------------------------------------------------
---------------------------
 Results Last   3 iters: Integral =   0.1422E-06
                     Abs integral =   0.1422E-06
                          Std dev =   0.4844E-08
                  Chi**2 per DoF. =      3.3051
-------------------------------------------------
---------------------------
 Status  0.10000000000000001                6           5

ls status:
events.lhe
ftn26
input_app.txt
results.dat
run1_app.log
run_01_log.txt
run_02_0_log.txt
