 Process in group number            1
 No PDF is used, alpha_s(MZ) from param_card is used
 Value of alpha_s from param_card:   0.11799999999999999     
 The default order of alpha_s running is fixed to            2
 Define smin to   12.630915999999999     
 *****************************************************
 *               MadGraph/MadEvent                   *
 *        --------------------------------           *
 *          http://madgraph.hep.uiuc.edu             *
 *          http://madgraph.phys.ucl.ac.be           *
 *          http://madgraph.roma2.infn.it            *
 *        --------------------------------           *
 *                                                   *
 *          PARAMETER AND COUPLING VALUES            *
 *                                                   *
 *****************************************************

  External Params
  ---------------------------------
  
 aEWM1 =    132.50700000000001     
 mdl_Gf =   1.16639000000000003E-005
 aS =   0.11799999999999999     
 mdl_ymb =    4.7000000000000002     
 mdl_ymt =    173.00000000000000     
 mdl_ymtau =    1.7769999999999999     
 mdl_MZ =    91.188000000000002     
 mdl_MT =    173.00000000000000     
 mdl_MB =    4.7000000000000002     
 mdl_MH =    125.00000000000000     
 mdl_MTA =    1.7769999999999999     
 mdl_WZ =    2.4414039999999999     
 mdl_WW =    2.0476000000000001     
 mdl_WT =    1.4915000000000000     
 mdl_WH =   6.38233899999999989E-003
  Internal Params
  ---------------------------------
  
 mdl_conjg__CKM3x3 =    1.0000000000000000     
 mdl_CKM3x3 =    1.0000000000000000     
 mdl_conjg__CKM1x1 =    1.0000000000000000     
 mdl_complexi =  (  0.0000000000000000     ,  1.0000000000000000     )
 mdl_MZ__exp__2 =    8315.2513440000002     
 mdl_MZ__exp__4 =    69143404.913893804     
 mdl_sqrt__2 =    1.4142135623730951     
 mdl_MH__exp__2 =    15625.000000000000     
 mdl_aEW =   7.54677111397888348E-003
 mdl_MW =    80.419002445756163     
 mdl_sqrt__aEW =   8.68721538467815552E-002
 mdl_ee =   0.30795376724436879     
 mdl_MW__exp__2 =    6467.2159543705357     
 mdl_sw2 =   0.22224648578577766     
 mdl_cw =   0.88190334743339216     
 mdl_sqrt__sw2 =   0.47143025548407230     
 mdl_sw =   0.47143025548407230     
 mdl_g1 =   0.34919219678733299     
 mdl_gw =   0.65323293034757990     
 mdl_vev =    246.21845810181637     
 mdl_vev__exp__2 =    60623.529110035903     
 mdl_lam =   0.12886910601690263     
 mdl_yb =   2.69955542504654901E-002
 mdl_yt =   0.99366614581500623     
 mdl_ytau =   1.02066170006547170E-002
 mdl_muH =    88.388347648318430     
 mdl_I1x33 =  ( 2.69955542504654901E-002,  0.0000000000000000     )
 mdl_I2x33 =  ( 0.99366614581500623     ,  0.0000000000000000     )
 mdl_I3x33 =  ( 0.99366614581500623     ,  0.0000000000000000     )
 mdl_I4x33 =  ( 2.69955542504654901E-002,  0.0000000000000000     )
 mdl_ee__exp__2 =   9.48355227599988748E-002
 mdl_sw__exp__2 =   0.22224648578577769     
 mdl_cw__exp__2 =   0.77775351421422245     
  Internal Params evaluated point by point
  ----------------------------------------
  
 mdl_sqrt__aS =   0.34351128074635334     
 mdl_G__exp__2 =    1.4828317324943823     
  Couplings of sm
  ---------------------------------
  
         GC_3 =  -0.00000E+00  -0.30795E+00
        GC_51 =   0.00000E+00   0.28804E+00
        GC_59 =   0.00000E+00   0.82310E-01
        GC_81 =   0.00000E+00   0.67544E+02
        GC_99 =  -0.00000E+00  -0.72172E-02

 Collider parameters:
 --------------------

 Running at e e   machine @    1000.0000000000000       GeV
 PDF set = none   
 alpha_s(Mz)= 0.1180 running at 2 loops.
 alpha_s(Mz)= 0.1180 running at 2 loops.
 Renormalization scale set on event-by-event basis
 Factorization   scale set on event-by-event basis


 getting user params
Enter number of events and max and min iterations: 
 Number of events and iterations         1000           5           3
Enter desired fractional accuracy: 
 Desired fractional accuracy:   0.10000000000000001     
Enter 0 for fixed, 2 for adjustable grid: 
Suppress amplitude (0 no, 1 yes)? 
 Using suppressed amplitude.
Exact helicity sum (0 yes, n = number/event)? 
 Explicitly summing over helicities
Enter Configuration Number: 
Running Configuration Number:   28
 Not subdividing B.W.
 Attempting mappinvarients           1           6
 Completed mapping           6
 about to integrate            8        1000           5           3           8           1
 Using non-zero grid deformation.
  8 dimensions   1000 events  8 invarients  5 iterations  1 config(s),  (0.99)
 Using h-tuple random number sequence.
 Error opening grid
 Using Uniform Grid!          24
 Using uniform alpha   1.0000000000000000     
 Grid defined OK
 Set CM energy to       1000.00
 Mapping Graph          28  to config          28
Setting grid   1    0.12631E-04   1
Setting grid   2    0.25000E-06   1
Setting grid   3    0.25000E-06   1
  28   1   2   3   4   5   6   7   8
 Masses: 0.000E+00 0.000E+00 0.000E+00 0.000E+00 0.178E+01 0.178E+01
 Got moffset           1
Using random seed offsets    28 :      1
  with seed                   78
 Ranmar initialization seeds        6669       12612
 
 ********************************************
 * You are using the DiscreteSampler module *
 *      part of the MG5_aMC framework       *
 *         Author: Valentin Hirschi         *
 ********************************************
 
  Particle       3       4       5       6
      Et >     0.5     0.5     0.5     0.5
       E >     0.0     0.0     0.0     0.0
     Eta <     5.0     5.0     5.0     5.0
   xqcut:      0.0     0.0     0.0     0.0
d R # 3  >    -0.0     0.4     0.4     0.4
d R # 4  >    -0.0    -0.0     0.4     0.4
d R # 5  >    -0.0    -0.0    -0.0     0.4
s min # 3>     0.0     0.0     3.2     0.0
s min # 4>     0.0     0.0     3.2     0.0
s min # 5>     0.0     0.0     0.0     0.0
xqcutij # 3>     0.0     0.0     0.0     0.0
xqcutij # 4>     0.0     0.0     0.0     0.0
xqcutij # 5>     0.0     0.0     0.0     0.0
 alpha_s for scale    501.93923662493643       is   9.39548079161930116E-002
 Added good helicity            1   7.2874070017913173       in event            1 local:           1
 Added good helicity            2  0.39750582073281204       in event            1 local:           1
 Added good helicity            3  5.75841270122177463E-007  in event            1 local:           1
 Added good helicity            4  0.30504484357299838       in event            1 local:           1
 Added good helicity           13  0.34535539781437963       in event            1 local:           1
 Added good helicity           14  1.86713981304664316E-002  in event            1 local:           1
 Added good helicity           15  7.96383819058708316E-005  in event            1 local:           1
 Added good helicity           16  9.48084016807365301E-003  in event            1 local:           1
 Added good helicity           25  0.82979628004943973       in event            1 local:           1
 Added good helicity           26  2.67366671082596002E-005  in event            1 local:           1
 Added good helicity           27   1.1579924382301157       in event            1 local:           1
 Added good helicity           28   21.602983180006650       in event            1 local:           1
 Added good helicity           37   21.607757638018210       in event            1 local:           1
 Added good helicity           38   1.1630989262265472       in event            1 local:           1
 Added good helicity           39  2.73812284027366053E-005  in event            1 local:           1
 Added good helicity           40  0.84961633350113275       in event            1 local:           1
 Added good helicity           49  9.86835879956389668E-003  in event            1 local:           1
 Added good helicity           50  1.01264378417744160E-004  in event            1 local:           1
 Added good helicity           51  2.26135188573431956E-002  in event            1 local:           1
 Added good helicity           52  0.41969719872640193       in event            1 local:           1
 Added good helicity           61  0.29669535115027407       in event            1 local:           1
 Added good helicity           62  5.65144239574304394E-007  in event            1 local:           1
 Added good helicity           63  0.39565905162308657       in event            1 local:           1
 Added good helicity           64   7.2805202609598636       in event            1 local:           1
 RESET CUMULATIVE VARIABLE
 RESET CUMULATIVE VARIABLE
 Iteration  1   Mean: 0.3144E-01 Abs mean: 0.3144E-01   Fluctuation:  0.163E-01   0.147E+02    47.3%
  1    0.3144E-01 0.3144E-01 +- 0.1631E-01     16.41
 Writing out events  1.33048677027838259E-005   16.408930243201787     
 Relative summed weights:
  0.1000E+01  0.0000E+00
 Relative number of events:
  0.1000E+01  0.0000E+00
 Events:
        1015           0
 Iteration  2   Mean: 0.2991E-01 Abs mean: 0.2991E-01   Fluctuation:  0.136E-01   0.243E+02    65.9%
  2    0.2991E-01 0.2991E-01 +- 0.1364E-01     20.40
 Relative summed weights:
  0.1000E+01  0.0000E+00
 Relative number of events:
  0.1000E+01  0.0000E+00
 Events:
        2000           0
 Iteration  3   Mean: 0.2482E-01 Abs mean: 0.2482E-01   Fluctuation:  0.518E-02   0.154E+02    66.9%
  3    0.2482E-01 0.2482E-01 +- 0.5179E-02     13.20
 Relative summed weights:
  0.1000E+01  0.0000E+00
 Relative number of events:
  0.1000E+01  0.0000E+00
 Events:
        4000           0
 Accuracy:    0.069   0.100   0.178   0.151
 Finished due to accuracy   6.93067414580359892E-002  0.10000000000000001     

 -------------------------------------------------------------------------------
 Accumulated results:   Integral =  0.2638E-01
                        Std dev  =  0.4701E-02
                       Cross sec =  0.2638E-01
             Chi**2 per DoF.     =      0.1513
 -------------------------------------------------------------------------------
 Found          219  events.
 Wrote            7  events.
 Actual xsec   2.63789787046162134E-002
 Correct abs xsec   2.63789787046162134E-002
 Event xsec   2.63789787046162169E-002
 Events wgts > 1:            0
 % Cross section > 1:    0.0000000000000000        0.0000000000000000     
-------------------------------------------------
---------------------------
 Results Last   3 iters: Integral =   0.2638E-01
                     Abs integral =   0.2638E-01
                          Std dev =   0.4701E-02
                  Chi**2 per DoF. =      0.1267
-------------------------------------------------
---------------------------
 Status  0.10000000000000001                4           5

ls status:
events.lhe
ftn26
input_app.txt
input_sg.txt
moffset.dat
results.dat
run1_app.log
run_01_log.txt
