 Process in group number            1
 No PDF is used, alpha_s(MZ) from param_card is used
 Value of alpha_s from param_card:   0.11799999999999999     
 The default order of alpha_s running is fixed to            2
 Define smin to   12.630915999999999     
 *****************************************************
 *               MadGraph/MadEvent                   *
 *        --------------------------------           *
 *          http://madgraph.hep.uiuc.edu             *
 *          http://madgraph.phys.ucl.ac.be           *
 *          http://madgraph.roma2.infn.it            *
 *        --------------------------------           *
 *                                                   *
 *          PARAMETER AND COUPLING VALUES            *
 *                                                   *
 *****************************************************

  External Params
  ---------------------------------
  
 aEWM1 =    132.50700000000001     
 mdl_Gf =   1.16639000000000003E-005
 aS =   0.11799999999999999     
 mdl_ymb =    4.7000000000000002     
 mdl_ymt =    173.00000000000000     
 mdl_ymtau =    1.7769999999999999     
 mdl_MZ =    91.188000000000002     
 mdl_MT =    173.00000000000000     
 mdl_MB =    4.7000000000000002     
 mdl_MH =    125.00000000000000     
 mdl_MTA =    1.7769999999999999     
 mdl_WZ =    2.4414039999999999     
 mdl_WW =    2.0476000000000001     
 mdl_WT =    1.4915000000000000     
 mdl_WH =   6.38233899999999989E-003
  Internal Params
  ---------------------------------
  
 mdl_conjg__CKM3x3 =    1.0000000000000000     
 mdl_CKM3x3 =    1.0000000000000000     
 mdl_conjg__CKM1x1 =    1.0000000000000000     
 mdl_complexi =  (  0.0000000000000000     ,  1.0000000000000000     )
 mdl_MZ__exp__2 =    8315.2513440000002     
 mdl_MZ__exp__4 =    69143404.913893804     
 mdl_sqrt__2 =    1.4142135623730951     
 mdl_MH__exp__2 =    15625.000000000000     
 mdl_aEW =   7.54677111397888348E-003
 mdl_MW =    80.419002445756163     
 mdl_sqrt__aEW =   8.68721538467815552E-002
 mdl_ee =   0.30795376724436879     
 mdl_MW__exp__2 =    6467.2159543705357     
 mdl_sw2 =   0.22224648578577766     
 mdl_cw =   0.88190334743339216     
 mdl_sqrt__sw2 =   0.47143025548407230     
 mdl_sw =   0.47143025548407230     
 mdl_g1 =   0.34919219678733299     
 mdl_gw =   0.65323293034757990     
 mdl_vev =    246.21845810181637     
 mdl_vev__exp__2 =    60623.529110035903     
 mdl_lam =   0.12886910601690263     
 mdl_yb =   2.69955542504654901E-002
 mdl_yt =   0.99366614581500623     
 mdl_ytau =   1.02066170006547170E-002
 mdl_muH =    88.388347648318430     
 mdl_I1x33 =  ( 2.69955542504654901E-002,  0.0000000000000000     )
 mdl_I2x33 =  ( 0.99366614581500623     ,  0.0000000000000000     )
 mdl_I3x33 =  ( 0.99366614581500623     ,  0.0000000000000000     )
 mdl_I4x33 =  ( 2.69955542504654901E-002,  0.0000000000000000     )
 mdl_ee__exp__2 =   9.48355227599988748E-002
 mdl_sw__exp__2 =   0.22224648578577769     
 mdl_cw__exp__2 =   0.77775351421422245     
  Internal Params evaluated point by point
  ----------------------------------------
  
 mdl_sqrt__aS =   0.34351128074635334     
 mdl_G__exp__2 =    1.4828317324943823     
  Couplings of sm
  ---------------------------------
  
         GC_3 =  -0.00000E+00  -0.30795E+00
        GC_51 =   0.00000E+00   0.28804E+00
        GC_59 =   0.00000E+00   0.82310E-01
        GC_81 =   0.00000E+00   0.67544E+02
        GC_99 =  -0.00000E+00  -0.72172E-02

 Collider parameters:
 --------------------

 Running at e e   machine @    1000.0000000000000       GeV
 PDF set = none   
 alpha_s(Mz)= 0.1180 running at 2 loops.
 alpha_s(Mz)= 0.1180 running at 2 loops.
 Renormalization scale set on event-by-event basis
 Factorization   scale set on event-by-event basis


 getting user params
Enter number of events and max and min iterations: 
 Number of events and iterations         1000           5           3
Enter desired fractional accuracy: 
 Desired fractional accuracy:   0.10000000000000001     
Enter 0 for fixed, 2 for adjustable grid: 
Suppress amplitude (0 no, 1 yes)? 
 Using suppressed amplitude.
Exact helicity sum (0 yes, n = number/event)? 
 Explicitly summing over helicities
Enter Configuration Number: 
Running Configuration Number:   44
 Not subdividing B.W.
 Attempting mappinvarients           1           6
 Completed mapping           6
 about to integrate            8        1000           5           3           8           1
 Using non-zero grid deformation.
  8 dimensions   1000 events  8 invarients  5 iterations  1 config(s),  (0.99)
 Using h-tuple random number sequence.
 Error opening grid
 Using Uniform Grid!          24
 Using uniform alpha   1.0000000000000000     
 Grid defined OK
 Set CM energy to       1000.00
 Mapping Graph          44  to config          44
Setting grid   1    0.12631E-04   1
Setting grid   2    0.32000E-07   1
Setting grid   3    0.10000E-05   1
  44   1   2   3   4   5   6   7   8
 Masses: 0.000E+00 0.000E+00 0.000E+00 0.000E+00 0.178E+01 0.178E+01
 Got moffset           1
Using random seed offsets    44 :      1
  with seed                   78
 Ranmar initialization seeds        6685       12612
 
 ********************************************
 * You are using the DiscreteSampler module *
 *      part of the MG5_aMC framework       *
 *         Author: Valentin Hirschi         *
 ********************************************
 
  Particle       3       4       5       6
      Et >     0.5     0.5     0.5     0.5
       E >     0.0     0.0     0.0     0.0
     Eta <     5.0     5.0     5.0     5.0
   xqcut:      0.0     0.0     0.0     0.0
d R # 3  >    -0.0     0.4     0.4     0.4
d R # 4  >    -0.0    -0.0     0.4     0.4
d R # 5  >    -0.0    -0.0    -0.0     0.4
s min # 3>     0.0     0.0     3.2     0.0
s min # 4>     0.0     0.0     3.2     0.0
s min # 5>     0.0     0.0     0.0     0.0
xqcutij # 3>     0.0     0.0     0.0     0.0
xqcutij # 4>     0.0     0.0     0.0     0.0
xqcutij # 5>     0.0     0.0     0.0     0.0
 alpha_s for scale    1000.0000000000000       is   8.68436719860922191E-002
 Added good helicity            1   20.014571779045010       in event            1 local:           1
 Added good helicity            2  1.01956633878975565E-004  in event            1 local:           1
 Added good helicity            3  6.34464254831965590E-004  in event            1 local:           1
 Added good helicity            4   1.3226902688384023       in event            1 local:           1
 Added good helicity           13   7.7422774759839985       in event            1 local:           1
 Added good helicity           14  6.18566946322185381E-005  in event            1 local:           1
 Added good helicity           15  4.67641522475934022E-004  in event            1 local:           1
 Added good helicity           16   1.0409371855574885       in event            1 local:           1
 Added good helicity           25   1.6980829701742592       in event            1 local:           1
 Added good helicity           26  8.59457257323534491E-006  in event            1 local:           1
 Added good helicity           27  1.24346277947995815E-004  in event            1 local:           1
 Added good helicity           28  0.18491555286929931       in event            1 local:           1
 Added good helicity           37  0.23446366819089426       in event            1 local:           1
 Added good helicity           38  1.52294834257837700E-004  in event            1 local:           1
 Added good helicity           39  1.05024197634000158E-005  in event            1 local:           1
 Added good helicity           40   1.6263746371856491       in event            1 local:           1
 Added good helicity           49   1.2347911462058523       in event            1 local:           1
 Added good helicity           50  5.01777170827423622E-004  in event            1 local:           1
 Added good helicity           51  6.85748352315265986E-005  in event            1 local:           1
 Added good helicity           52   7.0932111738542503       in event            1 local:           1
 Added good helicity           61   1.6829109196550831       in event            1 local:           1
 Added good helicity           62  7.36823989747072876E-004  in event            1 local:           1
 Added good helicity           63  1.25431978452853745E-004  in event            1 local:           1
 Added good helicity           64   20.121778957255192       in event            1 local:           1
 RESET CUMULATIVE VARIABLE
 RESET CUMULATIVE VARIABLE
 Iteration  1   Mean: 0.5200E-04 Abs mean: 0.5200E-04   Fluctuation:  0.491E-05   0.279E-02    35.3%
  1    0.5200E-04 0.5200E-04 +- 0.4911E-05      2.99
 Writing out events  2.94725122250279263E-008   2.9864307564800310     
 Relative summed weights:
  0.1000E+01  0.0000E+00
 Relative number of events:
  0.1000E+01  0.0000E+00
 Events:
        1015           0
 Iteration  2   Mean: 0.6370E-04 Abs mean: 0.6370E-04   Fluctuation:  0.532E-05   0.520E-02    40.7%
  2    0.6370E-04 0.6370E-04 +- 0.5318E-05      3.73
 Relative summed weights:
  0.1000E+01  0.0000E+00
 Relative number of events:
  0.1000E+01  0.0000E+00
 Events:
        2000           0
 Iteration  3   Mean: 0.8159E-04 Abs mean: 0.8159E-04   Fluctuation:  0.113E-04   0.296E-01    39.5%
  3    0.8159E-04 0.8159E-04 +- 0.1129E-04      8.75
 Relative summed weights:
  0.1000E+01  0.0000E+00
 Relative number of events:
  0.1000E+01  0.0000E+00
 Events:
        4000           0
 Accuracy:    0.115   0.100   0.057   4.050
 Found          734  events.
 Wrote            9  events.
 Actual xsec   6.24739117997195859E-005
 Correct abs xsec   6.24739117997195859E-005
 Event xsec   6.24739117997195859E-005
 Events wgts > 1:            0
 % Cross section > 1:    0.0000000000000000        0.0000000000000000     
 Iteration  4   Mean: 0.6544E-04 Abs mean: 0.6544E-04   Fluctuation:  0.236E-05   0.853E-02    35.8%
  4    0.6544E-04 0.6544E-04 +- 0.2359E-05      3.22
 Relative summed weights:
  0.1000E+01  0.0000E+00
 Relative number of events:
  0.1000E+01  0.0000E+00
 Events:
        8000           0
 Accuracy:    0.050   0.100   0.030   2.681
 Finished due to accuracy   4.98744656815472073E-002  0.10000000000000001     

 -------------------------------------------------------------------------------
 Accumulated results:   Integral =  0.6459E-04
                        Std dev  =  0.1968E-05
                       Cross sec =  0.6459E-04
             Chi**2 per DoF.     =      2.6806
 -------------------------------------------------------------------------------
 Found         1435  events.
 Wrote           70  events.
 Actual xsec   6.60574572934478677E-005
 Correct abs xsec   6.60574572934478677E-005
 Event xsec   6.60574572934480167E-005
 Events wgts > 1:            2
 % Cross section > 1:   1.44742102014591320E-007  0.21911546091094811     
-------------------------------------------------
---------------------------
 Results Last   3 iters: Integral =   0.6606E-04
                     Abs integral =   0.6606E-04
                          Std dev =   0.2126E-05
                  Chi**2 per DoF. =      1.0793
-------------------------------------------------
---------------------------
 Status  0.10000000000000001                5           5

ls status:
events.lhe
ftn26
input_app.txt
input_sg.txt
moffset.dat
results.dat
run1_app.log
run_01_log.txt
