 Process in group number            1
 No PDF is used, alpha_s(MZ) from param_card is used
 Value of alpha_s from param_card:   0.11799999999999999     
 The default order of alpha_s running is fixed to            2
 Define smin to   12.630915999999999     
 *****************************************************
 *               MadGraph/MadEvent                   *
 *        --------------------------------           *
 *          http://madgraph.hep.uiuc.edu             *
 *          http://madgraph.phys.ucl.ac.be           *
 *          http://madgraph.roma2.infn.it            *
 *        --------------------------------           *
 *                                                   *
 *          PARAMETER AND COUPLING VALUES            *
 *                                                   *
 *****************************************************

  External Params
  ---------------------------------
  
 aEWM1 =    132.50700000000001     
 mdl_Gf =   1.16639000000000003E-005
 aS =   0.11799999999999999     
 mdl_ymb =    4.7000000000000002     
 mdl_ymt =    173.00000000000000     
 mdl_ymtau =    1.7769999999999999     
 mdl_MZ =    91.188000000000002     
 mdl_MT =    173.00000000000000     
 mdl_MB =    4.7000000000000002     
 mdl_MH =    125.00000000000000     
 mdl_MTA =    1.7769999999999999     
 mdl_WZ =    2.4414039999999999     
 mdl_WW =    2.0476000000000001     
 mdl_WT =    1.4915000000000000     
 mdl_WH =   6.38233899999999989E-003
  Internal Params
  ---------------------------------
  
 mdl_conjg__CKM3x3 =    1.0000000000000000     
 mdl_CKM3x3 =    1.0000000000000000     
 mdl_conjg__CKM1x1 =    1.0000000000000000     
 mdl_complexi =  (  0.0000000000000000     ,  1.0000000000000000     )
 mdl_MZ__exp__2 =    8315.2513440000002     
 mdl_MZ__exp__4 =    69143404.913893804     
 mdl_sqrt__2 =    1.4142135623730951     
 mdl_MH__exp__2 =    15625.000000000000     
 mdl_aEW =   7.54677111397888348E-003
 mdl_MW =    80.419002445756163     
 mdl_sqrt__aEW =   8.68721538467815552E-002
 mdl_ee =   0.30795376724436879     
 mdl_MW__exp__2 =    6467.2159543705357     
 mdl_sw2 =   0.22224648578577766     
 mdl_cw =   0.88190334743339216     
 mdl_sqrt__sw2 =   0.47143025548407230     
 mdl_sw =   0.47143025548407230     
 mdl_g1 =   0.34919219678733299     
 mdl_gw =   0.65323293034757990     
 mdl_vev =    246.21845810181637     
 mdl_vev__exp__2 =    60623.529110035903     
 mdl_lam =   0.12886910601690263     
 mdl_yb =   2.69955542504654901E-002
 mdl_yt =   0.99366614581500623     
 mdl_ytau =   1.02066170006547170E-002
 mdl_muH =    88.388347648318430     
 mdl_I1x33 =  ( 2.69955542504654901E-002,  0.0000000000000000     )
 mdl_I2x33 =  ( 0.99366614581500623     ,  0.0000000000000000     )
 mdl_I3x33 =  ( 0.99366614581500623     ,  0.0000000000000000     )
 mdl_I4x33 =  ( 2.69955542504654901E-002,  0.0000000000000000     )
 mdl_ee__exp__2 =   9.48355227599988748E-002
 mdl_sw__exp__2 =   0.22224648578577769     
 mdl_cw__exp__2 =   0.77775351421422245     
  Internal Params evaluated point by point
  ----------------------------------------
  
 mdl_sqrt__aS =   0.34351128074635334     
 mdl_G__exp__2 =    1.4828317324943823     
  Couplings of sm
  ---------------------------------
  
         GC_3 =  -0.00000E+00  -0.30795E+00
        GC_51 =   0.00000E+00   0.28804E+00
        GC_59 =   0.00000E+00   0.82310E-01
        GC_81 =   0.00000E+00   0.67544E+02
        GC_99 =  -0.00000E+00  -0.72172E-02

 Collider parameters:
 --------------------

 Running at e e   machine @    365.00000000000000       GeV
 PDF set = none   
 alpha_s(Mz)= 0.1180 running at 2 loops.
 alpha_s(Mz)= 0.1180 running at 2 loops.
 Renormalization scale set on event-by-event basis
 Factorization   scale set on event-by-event basis


 getting user params
Enter number of events and max and min iterations: 
 Number of events and iterations         1000           5           3
Enter desired fractional accuracy: 
 Desired fractional accuracy:   0.10000000000000001     
Enter 0 for fixed, 2 for adjustable grid: 
Suppress amplitude (0 no, 1 yes)? 
 Using suppressed amplitude.
Exact helicity sum (0 yes, n = number/event)? 
 Explicitly summing over helicities
Enter Configuration Number: 
Running Configuration Number:   16
 Using dconfig=           7
 BW Setting            1           2           0           0
 Attempting mappinvarients           1           6
 Completed mapping           6
 about to integrate            8        1000           5           3           8           1
 Using non-zero grid deformation.
  8 dimensions   1000 events  8 invarients  5 iterations  1 config(s),  (0.99)
 Using h-tuple random number sequence.
 Error opening grid
 Using Uniform Grid!          24
 Using uniform alpha   1.0000000000000000     
 Grid defined OK
 Set CM energy to        365.00
 Mapping Graph          16  to config          16
 Setting BW          -1           1   91.188000000000002     
Setting grid   2    0.46823E-01   1
Setting grid   3    0.46823E-01   1
  16   1   2   3   4   5   6   7   8
 Masses: 0.000E+00 0.000E+00 0.000E+00 0.000E+00 0.178E+01 0.178E+01
Using random seed offsets    16 :      1
  with seed                  114
 Ranmar initialization seeds       20460        9492
 
 ********************************************
 * You are using the DiscreteSampler module *
 *      part of the MG5_aMC framework       *
 *         Author: Valentin Hirschi         *
 ********************************************
 
  Particle       3       4       5       6
      Et >     0.5     0.5     0.5     0.5
       E >     0.0     0.0     0.0     0.0
     Eta <     5.0     5.0     5.0     5.0
   xqcut:      0.0     0.0     0.0     0.0
d R # 3  >    -0.0     0.4     0.4     0.4
d R # 4  >    -0.0    -0.0     0.4     0.4
d R # 5  >    -0.0    -0.0    -0.0     0.4
s min # 3>     0.0     0.0     3.2     0.0
s min # 4>     0.0     0.0     3.2     0.0
s min # 5>     0.0     0.0     0.0     0.0
xqcutij # 3>     0.0     0.0     0.0     0.0
xqcutij # 4>     0.0     0.0     0.0     0.0
xqcutij # 5>     0.0     0.0     0.0     0.0
 Requiring BW           -1           1
 Excluding BW           -3           2
 alpha_s for scale    126.48991792946771       is   0.11245648607847671     
 Added good helicity            1   14.058507709803600       in event            1 local:           1
 Added good helicity            2  8.05351434890131984E-004  in event            1 local:           1
 Added good helicity            3  4.13600125716016452E-004  in event            1 local:           1
 Added good helicity            4   8.8091415782526585       in event            1 local:           1
 Added good helicity           13  0.26299325200652218       in event            1 local:           1
 Added good helicity           14  1.24730145987571404E-005  in event            1 local:           1
 Added good helicity           15  1.06096152155838376E-005  in event            1 local:           1
 Added good helicity           16  0.33068274126968489       in event            1 local:           1
 Added good helicity           25   3.9771056268172118       in event            1 local:           1
 Added good helicity           26  1.91789587857887385E-004  in event            1 local:           1
 Added good helicity           27  6.13168712166825845E-005  in event            1 local:           1
 Added good helicity           28  0.89390390826620947       in event            1 local:           1
 Added good helicity           37   9.0342021959703231       in event            1 local:           1
 Added good helicity           38  3.75475811570536854E-004  in event            1 local:           1
 Added good helicity           39  3.41043014926699058E-004  in event            1 local:           1
 Added good helicity           40   2.5544998239982335       in event            1 local:           1
 Added good helicity           49  0.84699862200681741       in event            1 local:           1
 Added good helicity           50  4.80900250995149300E-005  in event            1 local:           1
 Added good helicity           51  2.59887202550266987E-006  in event            1 local:           1
 Added good helicity           52  0.29069641153604436       in event            1 local:           1
 Added good helicity           61   14.584751001896974       in event            1 local:           1
 Added good helicity           62  2.72298301063194151E-004  in event            1 local:           1
 Added good helicity           63  2.45461775767365745E-005  in event            1 local:           1
 Added good helicity           64   8.3539579353239724       in event            1 local:           1
 RESET CUMULATIVE VARIABLE
 RESET CUMULATIVE VARIABLE
 Iteration  1   Mean: 0.4295E-06 Abs mean: 0.4295E-06   Fluctuation:  0.267E-07   0.831E-05    86.7%
  1    0.4295E-06 0.4295E-06 +- 0.2666E-07      1.96
 Writing out events  9.90527524108645348E-011   1.9623279493289896     
 Relative summed weights:
  0.5336E+00  0.0000E+00
  0.4664E+00  0.0000E+00
 Relative number of events:
  0.5461E+00  0.0000E+00
  0.4539E+00  0.0000E+00
 Events:
         551           0
         458           0
 Iteration  2   Mean: 0.4371E-06 Abs mean: 0.4371E-06   Fluctuation:  0.167E-07   0.143E-04    91.3%
  2    0.4371E-06 0.4371E-06 +- 0.1671E-07      1.71
 Relative summed weights:
  0.4990E+00  0.0000E+00
  0.5010E+00  0.0000E+00
 Relative number of events:
  0.5250E+00  0.0000E+00
  0.4750E+00  0.0000E+00
 Events:
        1050           0
         950           0
 Iteration  3   Mean: 0.4342E-06 Abs mean: 0.4342E-06   Fluctuation:  0.950E-08   0.719E-05    92.7%
  3    0.4342E-06 0.4342E-06 +- 0.9501E-08      1.38
 Relative summed weights:
  0.4972E+00  0.0000E+00
  0.5028E+00  0.0000E+00
 Relative number of events:
  0.5238E+00  0.0000E+00
  0.4763E+00  0.0000E+00
 Events:
        2095           0
        1905           0
 Accuracy:    0.003   0.100   0.018   0.029
 Finished due to accuracy   3.10833291319882569E-003  0.10000000000000001     

 -------------------------------------------------------------------------------
 Accumulated results:   Integral =  0.4344E-06
                        Std dev  =  0.7890E-08
                       Cross sec =  0.4344E-06
             Chi**2 per DoF.     =      0.0293
 -------------------------------------------------------------------------------
 Found          398  events.
 Wrote          395  events.
 Actual xsec   4.34417209040739249E-007
 Correct abs xsec   4.34417209040739249E-007
 Event xsec   4.34417209040743749E-007
 Events wgts > 1:            8
 % Cross section > 1:   2.41837214200881165E-009  0.55669344852818514     
-------------------------------------------------
---------------------------
 Results Last   3 iters: Integral =   0.4344E-06
                     Abs integral =   0.4344E-06
                          Std dev =   0.7890E-08
                  Chi**2 per DoF. =      0.0295
-------------------------------------------------
---------------------------
 Status  0.10000000000000001                4           5

ls status:
events.lhe
ftn26
grid_information
input_app.txt
results.dat
run1_app.log
run_01_log.txt
run_02_0_log.txt
run_03_0_log.txt
run_04_log.txt
run_05_log.txt
run_06_log.txt
