 Process in group number            1
 No PDF is used, alpha_s(MZ) from param_card is used
 Value of alpha_s from param_card:   0.11799999999999999     
 The default order of alpha_s running is fixed to            2
 Define smin to   12.630915999999999     
 *****************************************************
 *               MadGraph/MadEvent                   *
 *        --------------------------------           *
 *          http://madgraph.hep.uiuc.edu             *
 *          http://madgraph.phys.ucl.ac.be           *
 *          http://madgraph.roma2.infn.it            *
 *        --------------------------------           *
 *                                                   *
 *          PARAMETER AND COUPLING VALUES            *
 *                                                   *
 *****************************************************

  External Params
  ---------------------------------
  
 aEWM1 =    132.50700000000001     
 mdl_Gf =   1.16639000000000003E-005
 aS =   0.11799999999999999     
 mdl_ymb =    4.7000000000000002     
 mdl_ymt =    173.00000000000000     
 mdl_ymtau =    1.7769999999999999     
 mdl_MZ =    91.188000000000002     
 mdl_MT =    173.00000000000000     
 mdl_MB =    4.7000000000000002     
 mdl_MH =    125.00000000000000     
 mdl_MTA =    1.7769999999999999     
 mdl_WZ =    2.4414039999999999     
 mdl_WW =    2.0476000000000001     
 mdl_WT =    1.4915000000000000     
 mdl_WH =   6.38233899999999989E-003
  Internal Params
  ---------------------------------
  
 mdl_conjg__CKM3x3 =    1.0000000000000000     
 mdl_CKM3x3 =    1.0000000000000000     
 mdl_conjg__CKM1x1 =    1.0000000000000000     
 mdl_complexi =  (  0.0000000000000000     ,  1.0000000000000000     )
 mdl_MZ__exp__2 =    8315.2513440000002     
 mdl_MZ__exp__4 =    69143404.913893804     
 mdl_sqrt__2 =    1.4142135623730951     
 mdl_MH__exp__2 =    15625.000000000000     
 mdl_aEW =   7.54677111397888348E-003
 mdl_MW =    80.419002445756163     
 mdl_sqrt__aEW =   8.68721538467815552E-002
 mdl_ee =   0.30795376724436879     
 mdl_MW__exp__2 =    6467.2159543705357     
 mdl_sw2 =   0.22224648578577766     
 mdl_cw =   0.88190334743339216     
 mdl_sqrt__sw2 =   0.47143025548407230     
 mdl_sw =   0.47143025548407230     
 mdl_g1 =   0.34919219678733299     
 mdl_gw =   0.65323293034757990     
 mdl_vev =    246.21845810181637     
 mdl_vev__exp__2 =    60623.529110035903     
 mdl_lam =   0.12886910601690263     
 mdl_yb =   2.69955542504654901E-002
 mdl_yt =   0.99366614581500623     
 mdl_ytau =   1.02066170006547170E-002
 mdl_muH =    88.388347648318430     
 mdl_I1x33 =  ( 2.69955542504654901E-002,  0.0000000000000000     )
 mdl_I2x33 =  ( 0.99366614581500623     ,  0.0000000000000000     )
 mdl_I3x33 =  ( 0.99366614581500623     ,  0.0000000000000000     )
 mdl_I4x33 =  ( 2.69955542504654901E-002,  0.0000000000000000     )
 mdl_ee__exp__2 =   9.48355227599988748E-002
 mdl_sw__exp__2 =   0.22224648578577769     
 mdl_cw__exp__2 =   0.77775351421422245     
  Internal Params evaluated point by point
  ----------------------------------------
  
 mdl_sqrt__aS =   0.34351128074635334     
 mdl_G__exp__2 =    1.4828317324943823     
  Couplings of sm
  ---------------------------------
  
         GC_3 =  -0.00000E+00  -0.30795E+00
        GC_51 =   0.00000E+00   0.28804E+00
        GC_59 =   0.00000E+00   0.82310E-01
        GC_81 =   0.00000E+00   0.67544E+02
        GC_99 =  -0.00000E+00  -0.72172E-02

 Collider parameters:
 --------------------

 Running at e e   machine @    365.00000000000000       GeV
 PDF set = none   
 alpha_s(Mz)= 0.1180 running at 2 loops.
 alpha_s(Mz)= 0.1180 running at 2 loops.
 Renormalization scale set on event-by-event basis
 Factorization   scale set on event-by-event basis


 getting user params
Enter number of events and max and min iterations: 
 Number of events and iterations         1000           5           3
Enter desired fractional accuracy: 
 Desired fractional accuracy:   0.10000000000000001     
Enter 0 for fixed, 2 for adjustable grid: 
Suppress amplitude (0 no, 1 yes)? 
 Using suppressed amplitude.
Exact helicity sum (0 yes, n = number/event)? 
 Explicitly summing over helicities
Enter Configuration Number: 
Running Configuration Number:    9
 Using dconfig=          26
 BW Setting            2           2           2           0
 Attempting mappinvarients           1           6
 Completed mapping           6
 about to integrate            8        1000           5           3           8           1
 Using non-zero grid deformation.
  8 dimensions   1000 events  8 invarients  5 iterations  1 config(s),  (0.99)
 Using h-tuple random number sequence.
 Error opening grid
 Using Uniform Grid!          24
 Using uniform alpha   1.0000000000000000     
 Grid defined OK
 Set CM energy to        365.00
 Mapping Graph           9  to config           9
Setting grid   1    0.24020E-06   1
Setting grid   2    0.94809E-04   1
Setting grid   3    0.10459E-03   1
   9   1   2   3   4   5   6   7   8
 Masses: 0.000E+00 0.000E+00 0.000E+00 0.000E+00 0.178E+01 0.178E+01
Using random seed offsets     9 :      1
  with seed                  114
 Ranmar initialization seeds       20453        9492
 
 ********************************************
 * You are using the DiscreteSampler module *
 *      part of the MG5_aMC framework       *
 *         Author: Valentin Hirschi         *
 ********************************************
 
  Particle       3       4       5       6
      Et >     0.5     0.5     0.5     0.5
       E >     0.0     0.0     0.0     0.0
     Eta <     5.0     5.0     5.0     5.0
   xqcut:      0.0     0.0     0.0     0.0
d R # 3  >    -0.0     0.4     0.4     0.4
d R # 4  >    -0.0    -0.0     0.4     0.4
d R # 5  >    -0.0    -0.0    -0.0     0.4
s min # 3>     0.0     0.0     3.2     0.0
s min # 4>     0.0     0.0     3.2     0.0
s min # 5>     0.0     0.0     0.0     0.0
xqcutij # 3>     0.0     0.0     0.0     0.0
xqcutij # 4>     0.0     0.0     0.0     0.0
xqcutij # 5>     0.0     0.0     0.0     0.0
 Excluding BW           -1           1
 Excluding BW           -2           2
 Excluding BW           -3           3
 alpha_s for scale    151.35872099229024       is   0.10963590160244099     
 Added good helicity            1  1.24237474691597983E-004  in event            1 local:           1
 Added good helicity            3  6.65009346384442745E-008  in event            1 local:           1
 Added good helicity            4  2.63721876649953061E-004  in event            1 local:           1
 Added good helicity           13   4.7998754484034762       in event            1 local:           1
 Added good helicity           14  4.44690788116235223E-003  in event            1 local:           1
 Added good helicity           15  4.99241422461379827E-002  in event            1 local:           1
 Added good helicity           16   11.662506685427854       in event            1 local:           1
 Added good helicity           25   3.9394166963151189       in event            1 local:           1
 Added good helicity           26  1.60384738877896956E-003  in event            1 local:           1
 Added good helicity           27  1.87746124878060035E-002  in event            1 local:           1
 Added good helicity           28   7.5061865974266073       in event            1 local:           1
 Added good helicity           37   8.6547913047316261       in event            1 local:           1
 Added good helicity           38  2.23293082612164052E-002  in event            1 local:           1
 Added good helicity           39  1.07926946045371324E-003  in event            1 local:           1
 Added good helicity           40   3.4633764428868621       in event            1 local:           1
 Added good helicity           49   18.352806766885344       in event            1 local:           1
 Added good helicity           50  7.15449818012116878E-002  in event            1 local:           1
 Added good helicity           51  5.42517343532646513E-003  in event            1 local:           1
 Added good helicity           52   5.4450533938205909       in event            1 local:           1
 Added good helicity           61  4.05670165204841191E-004  in event            1 local:           1
 Added good helicity           62  1.01123437979356615E-007  in event            1 local:           1
 Added good helicity           63  1.13774464009339001E-008  in event            1 local:           1
 Added good helicity           64  6.46048504803044748E-005  in event            1 local:           1
 Added good helicity            2  8.41847839482490147E-005  in event            3 local:           3
 RESET CUMULATIVE VARIABLE
 RESET CUMULATIVE VARIABLE
 Iteration  1   Mean: 0.4602E-08 Abs mean: 0.4602E-08   Fluctuation:  0.185E-08   0.146E-05    22.5%
  1    0.4602E-08 0.4602E-08 +- 0.1846E-08     12.68
 Writing out events  4.09313799510216436E-012   12.683666524670066     
 Relative summed weights:
  0.1000E+01  0.0000E+00
 Relative number of events:
  0.1000E+01  0.0000E+00
 Events:
        1015           0
 Iteration  2   Mean: 0.9106E-06 Abs mean: 0.9106E-06   Fluctuation:  0.660E-06   0.124E-02    69.5%
  2    0.9106E-06 0.9106E-06 +- 0.6596E-06     32.40
 Relative summed weights:
  0.1000E+01  0.0000E+00
 Relative number of events:
  0.1000E+01  0.0000E+00
 Events:
        2000           0
 Iteration  3   Mean: 0.2553E-06 Abs mean: 0.2553E-06   Fluctuation:  0.957E-07   0.349E-03    86.3%
  3    0.2553E-06 0.2553E-06 +- 0.9570E-07     23.71
 Relative summed weights:
  0.1000E+01  0.0000E+00
 Relative number of events:
  0.1000E+01  0.0000E+00
 Events:
        4000           0
 Accuracy:    0.845   0.100   0.256  10.892
 Found           44  events.
 Wrote            3  events.
 Actual xsec   2.34976079239967499E-007
 Correct abs xsec   2.34976079239967499E-007
 Event xsec   2.34976079239967499E-007
 Events wgts > 1:            1
 % Cross section > 1:   7.41337280302020317E-015  3.15494786831018353E-006
 Iteration  4   Mean: 0.3297E-06 Abs mean: 0.3297E-06   Fluctuation:  0.361E-07   0.123E-03    77.9%
  4    0.3297E-06 0.3297E-06 +- 0.3611E-07      9.79
 Relative summed weights:
  0.1000E+01  0.0000E+00
 Relative number of events:
  0.1000E+01  0.0000E+00
 Events:
        8000           0
 Accuracy:    0.212   0.100   0.101   4.426
 Found          517  events.
 Wrote           19  events.
 Actual xsec   3.35982446810600896E-007
 Correct abs xsec   3.35982446810600896E-007
 Event xsec   3.35982446810601002E-007
 Events wgts > 1:            2
 % Cross section > 1:   1.10672725592219413E-009  0.32940032029294525     
 Iteration  5   Mean: 0.3571E-06 Abs mean: 0.3571E-06   Fluctuation:  0.108E-07   0.410E-04    80.6%
  5    0.3571E-06 0.3571E-06 +- 0.1079E-07      3.82
 Relative summed weights:
  0.1000E+01  0.0000E+00
 Relative number of events:
  0.1000E+01  0.0000E+00
 Events:
       16000           0
 Accuracy:    0.050   0.100   0.029   2.955
 Finished due to accuracy   4.97528739264435152E-002  0.10000000000000001     

 -------------------------------------------------------------------------------
 Accumulated results:   Integral =  0.3536E-06
                        Std dev  =  0.1023E-07
                       Cross sec =  0.3536E-06
             Chi**2 per DoF.     =      2.9549
 -------------------------------------------------------------------------------
 Found         1581  events.
 Wrote          196  events.
 Actual xsec   3.54544870948349716E-007
 Correct abs xsec   3.54544870948349716E-007
 Event xsec   3.54544870948350668E-007
 Events wgts > 1:            8
 % Cross section > 1:   3.24730506925692896E-009  0.91590806561970806     
-------------------------------------------------
---------------------------
 Results Last   3 iters: Integral =   0.3545E-06
                     Abs integral =   0.3545E-06
                          Std dev =   0.1030E-07
                  Chi**2 per DoF. =      0.8016
-------------------------------------------------
---------------------------
 Status  0.10000000000000001                6           5

ls status:
events.lhe
ftn26
grid_information
input_app.txt
results.dat
run1_app.log
run_01_log.txt
run_02_0_log.txt
run_03_0_log.txt
run_04_log.txt
run_05_log.txt
run_06_log.txt
