 Process in group number            1
 No PDF is used, alpha_s(MZ) from param_card is used
 Value of alpha_s from param_card:   0.11799999999999999     
 The default order of alpha_s running is fixed to            2
 Define smin to   12.630915999999999     
 *****************************************************
 *               MadGraph/MadEvent                   *
 *        --------------------------------           *
 *          http://madgraph.hep.uiuc.edu             *
 *          http://madgraph.phys.ucl.ac.be           *
 *          http://madgraph.roma2.infn.it            *
 *        --------------------------------           *
 *                                                   *
 *          PARAMETER AND COUPLING VALUES            *
 *                                                   *
 *****************************************************

  External Params
  ---------------------------------
  
 aEWM1 =    132.50700000000001     
 mdl_Gf =   1.16639000000000003E-005
 aS =   0.11799999999999999     
 mdl_ymb =    4.7000000000000002     
 mdl_ymt =    173.00000000000000     
 mdl_ymtau =    1.7769999999999999     
 mdl_MZ =    91.188000000000002     
 mdl_MT =    173.00000000000000     
 mdl_MB =    4.7000000000000002     
 mdl_MH =    125.00000000000000     
 mdl_MTA =    1.7769999999999999     
 mdl_WZ =    2.4414039999999999     
 mdl_WW =    2.0476000000000001     
 mdl_WT =    1.4915000000000000     
 mdl_WH =   6.38233899999999989E-003
  Internal Params
  ---------------------------------
  
 mdl_conjg__CKM3x3 =    1.0000000000000000     
 mdl_CKM3x3 =    1.0000000000000000     
 mdl_conjg__CKM1x1 =    1.0000000000000000     
 mdl_complexi =  (  0.0000000000000000     ,  1.0000000000000000     )
 mdl_MZ__exp__2 =    8315.2513440000002     
 mdl_MZ__exp__4 =    69143404.913893804     
 mdl_sqrt__2 =    1.4142135623730951     
 mdl_MH__exp__2 =    15625.000000000000     
 mdl_aEW =   7.54677111397888348E-003
 mdl_MW =    80.419002445756163     
 mdl_sqrt__aEW =   8.68721538467815552E-002
 mdl_ee =   0.30795376724436879     
 mdl_MW__exp__2 =    6467.2159543705357     
 mdl_sw2 =   0.22224648578577766     
 mdl_cw =   0.88190334743339216     
 mdl_sqrt__sw2 =   0.47143025548407230     
 mdl_sw =   0.47143025548407230     
 mdl_g1 =   0.34919219678733299     
 mdl_gw =   0.65323293034757990     
 mdl_vev =    246.21845810181637     
 mdl_vev__exp__2 =    60623.529110035903     
 mdl_lam =   0.12886910601690263     
 mdl_yb =   2.69955542504654901E-002
 mdl_yt =   0.99366614581500623     
 mdl_ytau =   1.02066170006547170E-002
 mdl_muH =    88.388347648318430     
 mdl_I1x33 =  ( 2.69955542504654901E-002,  0.0000000000000000     )
 mdl_I2x33 =  ( 0.99366614581500623     ,  0.0000000000000000     )
 mdl_I3x33 =  ( 0.99366614581500623     ,  0.0000000000000000     )
 mdl_I4x33 =  ( 2.69955542504654901E-002,  0.0000000000000000     )
 mdl_ee__exp__2 =   9.48355227599988748E-002
 mdl_sw__exp__2 =   0.22224648578577769     
 mdl_cw__exp__2 =   0.77775351421422245     
  Internal Params evaluated point by point
  ----------------------------------------
  
 mdl_sqrt__aS =   0.34351128074635334     
 mdl_G__exp__2 =    1.4828317324943823     
  Couplings of sm
  ---------------------------------
  
         GC_3 =  -0.00000E+00  -0.30795E+00
        GC_51 =   0.00000E+00   0.28804E+00
        GC_59 =   0.00000E+00   0.82310E-01
        GC_81 =   0.00000E+00   0.67544E+02
        GC_99 =  -0.00000E+00  -0.72172E-02

 Collider parameters:
 --------------------

 Running at e e   machine @    1000.0000000000000       GeV
 PDF set = none   
 alpha_s(Mz)= 0.1180 running at 2 loops.
 alpha_s(Mz)= 0.1180 running at 2 loops.
 Renormalization scale set on event-by-event basis
 Factorization   scale set on event-by-event basis


 getting user params
Enter number of events and max and min iterations: 
 Number of events and iterations         1000           5           3
Enter desired fractional accuracy: 
 Desired fractional accuracy:   0.10000000000000001     
Enter 0 for fixed, 2 for adjustable grid: 
Suppress amplitude (0 no, 1 yes)? 
 Using suppressed amplitude.
Exact helicity sum (0 yes, n = number/event)? 
 Explicitly summing over helicities
Enter Configuration Number: 
Running Configuration Number:    7
 Using dconfig=           7
 BW Setting            1           2           0           0
 Attempting mappinvarients           1           6
 Completed mapping           6
 about to integrate            8        1000           5           3           8           1
 Using non-zero grid deformation.
  8 dimensions   1000 events  8 invarients  5 iterations  1 config(s),  (0.99)
 Using h-tuple random number sequence.
 Error opening grid
 Using Uniform Grid!          24
 Using uniform alpha   1.0000000000000000     
 Grid defined OK
 Set CM energy to       1000.00
 Mapping Graph           7  to config           7
 Setting BW          -1           1   91.188000000000002     
Setting grid   2    0.65219E-02   1
 Setting PDF BW           9           3   91.188000000000002     
   7   1   2   3   4   5   6   7   8
 Masses: 0.000E+00 0.000E+00 0.000E+00 0.000E+00 0.178E+01 0.178E+01
Using random seed offsets     7 :      1
  with seed                   78
 Ranmar initialization seeds        6648        9455
 
 ********************************************
 * You are using the DiscreteSampler module *
 *      part of the MG5_aMC framework       *
 *         Author: Valentin Hirschi         *
 ********************************************
 
  Particle       3       4       5       6
      Et >     0.5     0.5     0.5     0.5
       E >     0.0     0.0     0.0     0.0
     Eta <     5.0     5.0     5.0     5.0
   xqcut:      0.0     0.0     0.0     0.0
d R # 3  >    -0.0     0.4     0.4     0.4
d R # 4  >    -0.0    -0.0     0.4     0.4
d R # 5  >    -0.0    -0.0    -0.0     0.4
s min # 3>     0.0     0.0     3.2     0.0
s min # 4>     0.0     0.0     3.2     0.0
s min # 5>     0.0     0.0     0.0     0.0
xqcutij # 3>     0.0     0.0     0.0     0.0
xqcutij # 4>     0.0     0.0     0.0     0.0
xqcutij # 5>     0.0     0.0     0.0     0.0
 Requiring BW           -1           1
 Excluding BW           -3           2
 alpha_s for scale    1000.0000000000001       is   8.68436719860922191E-002
 Added good helicity            1   17.009779193991626       in event            1 local:           1
 Added good helicity            2  1.71668662904605057E-002  in event            1 local:           1
 Added good helicity            3  1.64686907493238301E-007  in event            1 local:           1
 Added good helicity            4  0.12412061936771335       in event            1 local:           1
 Added good helicity           13   7.6639064682913469       in event            1 local:           1
 Added good helicity           14  5.08346221999718319E-003  in event            1 local:           1
 Added good helicity           15  6.64792894040710168E-006  in event            1 local:           1
 Added good helicity           16  1.02583498293461715E-002  in event            1 local:           1
 Added good helicity           25  3.28070813652478477E-004  in event            1 local:           1
 Added good helicity           26  6.26639591234239024E-007  in event            1 local:           1
 Added good helicity           27  2.31896018700760575E-004  in event            1 local:           1
 Added good helicity           28  0.46322504604362436       in event            1 local:           1
 Added good helicity           37  0.46567281034779068       in event            1 local:           1
 Added good helicity           38  2.75795415219950611E-004  in event            1 local:           1
 Added good helicity           39  5.24095589729534100E-007  in event            1 local:           1
 Added good helicity           40  2.56474223248749048E-004  in event            1 local:           1
 Added good helicity           49  3.61389554176232627E-002  in event            1 local:           1
 Added good helicity           50  2.96085018355466475E-005  in event            1 local:           1
 Added good helicity           51  5.10407513553600301E-003  in event            1 local:           1
 Added good helicity           52   21.431848823115043       in event            1 local:           1
 Added good helicity           61  0.15895488091155885       in event            1 local:           1
 Added good helicity           62  1.38622220937007224E-006  in event            1 local:           1
 Added good helicity           63  8.00098438473160513E-003  in event            1 local:           1
 Added good helicity           64   16.599608270107716       in event            1 local:           1
 RESET CUMULATIVE VARIABLE
 RESET CUMULATIVE VARIABLE
 Iteration  1   Mean: 0.7772E-06 Abs mean: 0.7772E-06   Fluctuation:  0.533E-07   0.211E-04    79.0%
  1    0.7772E-06 0.7772E-06 +- 0.5327E-07      2.17
 Writing out events  1.96787632425988919E-010   2.1672641676079687     
 Relative summed weights:
  0.5389E+00  0.0000E+00
  0.4611E+00  0.0000E+00
 Relative number of events:
  0.5986E+00  0.0000E+00
  0.4014E+00  0.0000E+00
 Events:
         604           0
         405           0
 Iteration  2   Mean: 0.7944E-06 Abs mean: 0.7944E-06   Fluctuation:  0.409E-07   0.243E-04    85.4%
  2    0.7944E-06 0.7944E-06 +- 0.4085E-07      2.30
 Relative summed weights:
  0.4768E+00  0.0000E+00
  0.5232E+00  0.0000E+00
 Relative number of events:
  0.5990E+00  0.0000E+00
  0.4010E+00  0.0000E+00
 Events:
        1198           0
         802           0
 Iteration  3   Mean: 0.8297E-06 Abs mean: 0.8297E-06   Fluctuation:  0.283E-07   0.224E-04    88.6%
  3    0.8297E-06 0.8297E-06 +- 0.2826E-07      2.15
 Relative summed weights:
  0.4961E+00  0.0000E+00
  0.5039E+00  0.0000E+00
 Relative number of events:
  0.5950E+00  0.0000E+00
  0.4050E+00  0.0000E+00
 Events:
        2380           0
        1620           0
 Accuracy:    0.018   0.100   0.026   0.488
 Finished due to accuracy   1.83246348768904797E-002  0.10000000000000001     

 -------------------------------------------------------------------------------
 Accumulated results:   Integral =  0.8128E-06
                        Std dev  =  0.2132E-07
                       Cross sec =  0.8128E-06
             Chi**2 per DoF.     =      0.4879
 -------------------------------------------------------------------------------
 Found          453  events.
 Wrote          232  events.
 Actual xsec   8.12831185124790946E-007
 Correct abs xsec   8.12831185124790946E-007
 Event xsec   8.12831185124797828E-007
 Events wgts > 1:           10
 % Cross section > 1:   6.68303569811017601E-009  0.82219233469543840     
-------------------------------------------------
---------------------------
 Results Last   3 iters: Integral =   0.8128E-06
                     Abs integral =   0.8128E-06
                          Std dev =   0.2132E-07
                  Chi**2 per DoF. =      0.5042
-------------------------------------------------
---------------------------
 Status  0.10000000000000001                4           5

ls status:
events.lhe
ftn26
input_app.txt
results.dat
run1_app.log
run_01_log.txt
run_02_0_log.txt
