 Process in group number            1
 No PDF is used, alpha_s(MZ) from param_card is used
 Value of alpha_s from param_card:   0.11799999999999999     
 The default order of alpha_s running is fixed to            2
 Define smin to   12.630915999999999     
 *****************************************************
 *               MadGraph/MadEvent                   *
 *        --------------------------------           *
 *          http://madgraph.hep.uiuc.edu             *
 *          http://madgraph.phys.ucl.ac.be           *
 *          http://madgraph.roma2.infn.it            *
 *        --------------------------------           *
 *                                                   *
 *          PARAMETER AND COUPLING VALUES            *
 *                                                   *
 *****************************************************

  External Params
  ---------------------------------
  
 aEWM1 =    132.50700000000001     
 mdl_Gf =   1.16639000000000003E-005
 aS =   0.11799999999999999     
 mdl_ymb =    4.7000000000000002     
 mdl_ymt =    173.00000000000000     
 mdl_ymtau =    1.7769999999999999     
 mdl_MZ =    91.188000000000002     
 mdl_MT =    173.00000000000000     
 mdl_MB =    4.7000000000000002     
 mdl_MH =    125.00000000000000     
 mdl_MTA =    1.7769999999999999     
 mdl_WZ =    2.4414039999999999     
 mdl_WW =    2.0476000000000001     
 mdl_WT =    1.4915000000000000     
 mdl_WH =   6.38233899999999989E-003
  Internal Params
  ---------------------------------
  
 mdl_conjg__CKM3x3 =    1.0000000000000000     
 mdl_CKM3x3 =    1.0000000000000000     
 mdl_conjg__CKM1x1 =    1.0000000000000000     
 mdl_complexi =  (  0.0000000000000000     ,  1.0000000000000000     )
 mdl_MZ__exp__2 =    8315.2513440000002     
 mdl_MZ__exp__4 =    69143404.913893804     
 mdl_sqrt__2 =    1.4142135623730951     
 mdl_MH__exp__2 =    15625.000000000000     
 mdl_aEW =   7.54677111397888348E-003
 mdl_MW =    80.419002445756163     
 mdl_sqrt__aEW =   8.68721538467815552E-002
 mdl_ee =   0.30795376724436879     
 mdl_MW__exp__2 =    6467.2159543705357     
 mdl_sw2 =   0.22224648578577766     
 mdl_cw =   0.88190334743339216     
 mdl_sqrt__sw2 =   0.47143025548407230     
 mdl_sw =   0.47143025548407230     
 mdl_g1 =   0.34919219678733299     
 mdl_gw =   0.65323293034757990     
 mdl_vev =    246.21845810181637     
 mdl_vev__exp__2 =    60623.529110035903     
 mdl_lam =   0.12886910601690263     
 mdl_yb =   2.69955542504654901E-002
 mdl_yt =   0.99366614581500623     
 mdl_ytau =   1.02066170006547170E-002
 mdl_muH =    88.388347648318430     
 mdl_I1x33 =  ( 2.69955542504654901E-002,  0.0000000000000000     )
 mdl_I2x33 =  ( 0.99366614581500623     ,  0.0000000000000000     )
 mdl_I3x33 =  ( 0.99366614581500623     ,  0.0000000000000000     )
 mdl_I4x33 =  ( 2.69955542504654901E-002,  0.0000000000000000     )
 mdl_ee__exp__2 =   9.48355227599988748E-002
 mdl_sw__exp__2 =   0.22224648578577769     
 mdl_cw__exp__2 =   0.77775351421422245     
  Internal Params evaluated point by point
  ----------------------------------------
  
 mdl_sqrt__aS =   0.34351128074635334     
 mdl_G__exp__2 =    1.4828317324943823     
  Couplings of sm
  ---------------------------------
  
         GC_3 =  -0.00000E+00  -0.30795E+00
        GC_51 =   0.00000E+00   0.28804E+00
        GC_59 =   0.00000E+00   0.82310E-01
        GC_81 =   0.00000E+00   0.67544E+02
        GC_99 =  -0.00000E+00  -0.72172E-02

 Collider parameters:
 --------------------

 Running at e e   machine @    1000.0000000000000       GeV
 PDF set = none   
 alpha_s(Mz)= 0.1180 running at 2 loops.
 alpha_s(Mz)= 0.1180 running at 2 loops.
 Renormalization scale set on event-by-event basis
 Factorization   scale set on event-by-event basis


 getting user params
Enter number of events and max and min iterations: 
 Number of events and iterations         1000           5           3
Enter desired fractional accuracy: 
 Desired fractional accuracy:   0.10000000000000001     
Enter 0 for fixed, 2 for adjustable grid: 
Suppress amplitude (0 no, 1 yes)? 
 Using suppressed amplitude.
Exact helicity sum (0 yes, n = number/event)? 
 Explicitly summing over helicities
Enter Configuration Number: 
Running Configuration Number:   14
 Not subdividing B.W.
 Attempting mappinvarients           1           6
 Completed mapping           6
 about to integrate            8        1000           5           3           8           1
 Using non-zero grid deformation.
  8 dimensions   1000 events  8 invarients  5 iterations  1 config(s),  (0.99)
 Using h-tuple random number sequence.
 Error opening grid
 Using Uniform Grid!          24
 Using uniform alpha   1.0000000000000000     
 Grid defined OK
 Set CM energy to       1000.00
 Mapping Graph          14  to config          14
Setting grid   1    0.12631E-04   1
Setting grid   2    0.12631E-04   1
 Setting PDF BW           9           1   91.188000000000002     
  14   1   2   3   4   5   6   7   8
 Masses: 0.000E+00 0.000E+00 0.000E+00 0.000E+00 0.178E+01 0.178E+01
Using random seed offsets    14 :      1
  with seed                   78
 Ranmar initialization seeds        6655        9455
 
 ********************************************
 * You are using the DiscreteSampler module *
 *      part of the MG5_aMC framework       *
 *         Author: Valentin Hirschi         *
 ********************************************
 
  Particle       3       4       5       6
      Et >     0.5     0.5     0.5     0.5
       E >     0.0     0.0     0.0     0.0
     Eta <     5.0     5.0     5.0     5.0
   xqcut:      0.0     0.0     0.0     0.0
d R # 3  >    -0.0     0.4     0.4     0.4
d R # 4  >    -0.0    -0.0     0.4     0.4
d R # 5  >    -0.0    -0.0    -0.0     0.4
s min # 3>     0.0     0.0     3.2     0.0
s min # 4>     0.0     0.0     3.2     0.0
s min # 5>     0.0     0.0     0.0     0.0
xqcutij # 3>     0.0     0.0     0.0     0.0
xqcutij # 4>     0.0     0.0     0.0     0.0
xqcutij # 5>     0.0     0.0     0.0     0.0
 No cut BW           -3           1
 alpha_s for scale    320.49656672773091       is   9.92573887740804961E-002
 Added good helicity            1  0.45689405888597440       in event            1 local:           1
 Added good helicity            2  5.56743949361425924E-006  in event            1 local:           1
 Added good helicity            3  2.75853934914089400E-004  in event            1 local:           1
 Added good helicity            4   2.8434350898390215       in event            1 local:           1
 Added good helicity           13  0.21367020231443054       in event            1 local:           1
 Added good helicity           14  3.45293905041621293E-005  in event            1 local:           1
 Added good helicity           15  1.57609020264040922E-004  in event            1 local:           1
 Added good helicity           16   8.0503193419699830       in event            1 local:           1
 Added good helicity           25   11.207011702549691       in event            1 local:           1
 Added good helicity           26  1.93557985407923191E-004  in event            1 local:           1
 Added good helicity           27  8.59270181763339817E-004  in event            1 local:           1
 Added good helicity           28   6.8542651104034649       in event            1 local:           1
 Added good helicity           37   8.1605116389042234       in event            1 local:           1
 Added good helicity           38  8.17379645976677228E-004  in event            1 local:           1
 Added good helicity           39  2.12942758901182410E-004  in event            1 local:           1
 Added good helicity           40   9.0496448557590039       in event            1 local:           1
 Added good helicity           49   12.834354641755677       in event            1 local:           1
 Added good helicity           50  2.75620998276074943E-004  in event            1 local:           1
 Added good helicity           51  5.84207546297969710E-005  in event            1 local:           1
 Added good helicity           52  0.28139819167591523       in event            1 local:           1
 Added good helicity           61   3.6438649761823947       in event            1 local:           1
 Added good helicity           62  3.26372205481889816E-004  in event            1 local:           1
 Added good helicity           63  4.91439645939365081E-006  in event            1 local:           1
 Added good helicity           64  0.40140815104816407       in event            1 local:           1
 RESET CUMULATIVE VARIABLE
 RESET CUMULATIVE VARIABLE
 Iteration  1   Mean: 0.4997E-06 Abs mean: 0.4997E-06   Fluctuation:  0.851E-07   0.392E-04    51.6%
  1    0.4997E-06 0.4997E-06 +- 0.8506E-07      5.38
 Writing out events  1.93801746808040227E-010   5.3823677130673220     
 Relative summed weights:
  0.5996E+00  0.0000E+00
  0.4004E+00  0.0000E+00
 Relative number of events:
  0.5837E+00  0.0000E+00
  0.4163E+00  0.0000E+00
 Events:
         589           0
         420           0
 Iteration  2   Mean: 0.6490E-06 Abs mean: 0.6490E-06   Fluctuation:  0.107E-06   0.183E-03    35.2%
  2    0.6490E-06 0.6490E-06 +- 0.1068E-06      7.36
 Relative summed weights:
  0.5681E+00  0.0000E+00
  0.4319E+00  0.0000E+00
 Relative number of events:
  0.5670E+00  0.0000E+00
  0.4330E+00  0.0000E+00
 Events:
        1134           0
         866           0
 Iteration  3   Mean: 0.6699E-06 Abs mean: 0.6699E-06   Fluctuation:  0.470E-07   0.109E-03    25.2%
  3    0.6699E-06 0.6699E-06 +- 0.4696E-07      4.43
 Relative summed weights:
  0.4823E+00  0.0000E+00
  0.5177E+00  0.0000E+00
 Relative number of events:
  0.5765E+00  0.0000E+00
  0.4235E+00  0.0000E+00
 Events:
        2306           0
        1694           0
 Accuracy:    0.061   0.100   0.060   1.025
 Finished due to accuracy   6.10689661817221258E-002  0.10000000000000001     

 -------------------------------------------------------------------------------
 Accumulated results:   Integral =  0.6458E-06
                        Std dev  =  0.3894E-07
                       Cross sec =  0.6458E-06
             Chi**2 per DoF.     =      1.0254
 -------------------------------------------------------------------------------
 Found          830  events.
 Wrote           31  events.
 Actual xsec   6.45752663471263027E-007
 Correct abs xsec   6.45752663471263027E-007
 Event xsec   6.45752663471262709E-007
 Events wgts > 1:            0
 % Cross section > 1:    0.0000000000000000        0.0000000000000000     
-------------------------------------------------
---------------------------
 Results Last   3 iters: Integral =   0.6458E-06
                     Abs integral =   0.6458E-06
                          Std dev =   0.3894E-07
                  Chi**2 per DoF. =      1.6062
-------------------------------------------------
---------------------------
 Status  0.10000000000000001                4           5

ls status:
events.lhe
ftn26
input_app.txt
results.dat
run1_app.log
run_01_log.txt
run_02_0_log.txt
