 Process in group number            1
 No PDF is used, alpha_s(MZ) from param_card is used
 Value of alpha_s from param_card:   0.11799999999999999     
 The default order of alpha_s running is fixed to            2
 Define smin to   12.630915999999999     
 *****************************************************
 *               MadGraph/MadEvent                   *
 *        --------------------------------           *
 *          http://madgraph.hep.uiuc.edu             *
 *          http://madgraph.phys.ucl.ac.be           *
 *          http://madgraph.roma2.infn.it            *
 *        --------------------------------           *
 *                                                   *
 *          PARAMETER AND COUPLING VALUES            *
 *                                                   *
 *****************************************************

  External Params
  ---------------------------------
  
 aEWM1 =    132.50700000000001     
 mdl_Gf =   1.16639000000000003E-005
 aS =   0.11799999999999999     
 mdl_ymb =    4.7000000000000002     
 mdl_ymt =    173.00000000000000     
 mdl_ymtau =    1.7769999999999999     
 mdl_MZ =    91.188000000000002     
 mdl_MT =    173.00000000000000     
 mdl_MB =    4.7000000000000002     
 mdl_MH =    125.00000000000000     
 mdl_MTA =    1.7769999999999999     
 mdl_WZ =    2.4414039999999999     
 mdl_WW =    2.0476000000000001     
 mdl_WT =    1.4915000000000000     
 mdl_WH =   6.38233899999999989E-003
  Internal Params
  ---------------------------------
  
 mdl_conjg__CKM3x3 =    1.0000000000000000     
 mdl_CKM3x3 =    1.0000000000000000     
 mdl_conjg__CKM1x1 =    1.0000000000000000     
 mdl_complexi =  (  0.0000000000000000     ,  1.0000000000000000     )
 mdl_MZ__exp__2 =    8315.2513440000002     
 mdl_MZ__exp__4 =    69143404.913893804     
 mdl_sqrt__2 =    1.4142135623730951     
 mdl_MH__exp__2 =    15625.000000000000     
 mdl_aEW =   7.54677111397888348E-003
 mdl_MW =    80.419002445756163     
 mdl_sqrt__aEW =   8.68721538467815552E-002
 mdl_ee =   0.30795376724436879     
 mdl_MW__exp__2 =    6467.2159543705357     
 mdl_sw2 =   0.22224648578577766     
 mdl_cw =   0.88190334743339216     
 mdl_sqrt__sw2 =   0.47143025548407230     
 mdl_sw =   0.47143025548407230     
 mdl_g1 =   0.34919219678733299     
 mdl_gw =   0.65323293034757990     
 mdl_vev =    246.21845810181637     
 mdl_vev__exp__2 =    60623.529110035903     
 mdl_lam =   0.12886910601690263     
 mdl_yb =   2.69955542504654901E-002
 mdl_yt =   0.99366614581500623     
 mdl_ytau =   1.02066170006547170E-002
 mdl_muH =    88.388347648318430     
 mdl_I1x33 =  ( 2.69955542504654901E-002,  0.0000000000000000     )
 mdl_I2x33 =  ( 0.99366614581500623     ,  0.0000000000000000     )
 mdl_I3x33 =  ( 0.99366614581500623     ,  0.0000000000000000     )
 mdl_I4x33 =  ( 2.69955542504654901E-002,  0.0000000000000000     )
 mdl_ee__exp__2 =   9.48355227599988748E-002
 mdl_sw__exp__2 =   0.22224648578577769     
 mdl_cw__exp__2 =   0.77775351421422245     
  Internal Params evaluated point by point
  ----------------------------------------
  
 mdl_sqrt__aS =   0.34351128074635334     
 mdl_G__exp__2 =    1.4828317324943823     
  Couplings of sm
  ---------------------------------
  
         GC_3 =  -0.00000E+00  -0.30795E+00
        GC_51 =   0.00000E+00   0.28804E+00
        GC_59 =   0.00000E+00   0.82310E-01
        GC_81 =   0.00000E+00   0.67544E+02
        GC_99 =  -0.00000E+00  -0.72172E-02

 Collider parameters:
 --------------------

 Running at e e   machine @    1000.0000000000000       GeV
 PDF set = none   
 alpha_s(Mz)= 0.1180 running at 2 loops.
 alpha_s(Mz)= 0.1180 running at 2 loops.
 Renormalization scale set on event-by-event basis
 Factorization   scale set on event-by-event basis


 getting user params
Enter number of events and max and min iterations: 
 Number of events and iterations         1000           5           3
Enter desired fractional accuracy: 
 Desired fractional accuracy:   0.10000000000000001     
Enter 0 for fixed, 2 for adjustable grid: 
Suppress amplitude (0 no, 1 yes)? 
 Using suppressed amplitude.
Exact helicity sum (0 yes, n = number/event)? 
 Explicitly summing over helicities
Enter Configuration Number: 
Running Configuration Number:   48
 Not subdividing B.W.
 Attempting mappinvarients           1           6
 Completed mapping           6
 about to integrate            8        1000           5           3           8           1
 Using non-zero grid deformation.
  8 dimensions   1000 events  8 invarients  5 iterations  1 config(s),  (0.99)
 Using h-tuple random number sequence.
 Error opening grid
 Using Uniform Grid!          24
 Using uniform alpha   1.0000000000000000     
 Grid defined OK
 Set CM energy to       1000.00
 Mapping Graph          48  to config          48
Setting grid   1    0.12631E-04   1
 Setting BW          -2           1   91.188000000000002     
Setting grid   3    0.10000E-05   1
  48   1   2   3   4   5   6   7   8
 Masses: 0.000E+00 0.000E+00 0.000E+00 0.000E+00 0.178E+01 0.178E+01
 Got moffset           1
Using random seed offsets    48 :      1
  with seed                   78
 Ranmar initialization seeds        6689       12612
 
 ********************************************
 * You are using the DiscreteSampler module *
 *      part of the MG5_aMC framework       *
 *         Author: Valentin Hirschi         *
 ********************************************
 
  Particle       3       4       5       6
      Et >     0.5     0.5     0.5     0.5
       E >     0.0     0.0     0.0     0.0
     Eta <     5.0     5.0     5.0     5.0
   xqcut:      0.0     0.0     0.0     0.0
d R # 3  >    -0.0     0.4     0.4     0.4
d R # 4  >    -0.0    -0.0     0.4     0.4
d R # 5  >    -0.0    -0.0    -0.0     0.4
s min # 3>     0.0     0.0     3.2     0.0
s min # 4>     0.0     0.0     3.2     0.0
s min # 5>     0.0     0.0     0.0     0.0
xqcutij # 3>     0.0     0.0     0.0     0.0
xqcutij # 4>     0.0     0.0     0.0     0.0
xqcutij # 5>     0.0     0.0     0.0     0.0
 No cut BW           -2           1
 alpha_s for scale    501.01844072323058       is   9.39753359618961254E-002
 Added good helicity            1   14.551253862538466       in event            1 local:           1
 Added good helicity            2  4.26334382806336110E-004  in event            1 local:           1
 Added good helicity            3  5.72342496448631916E-002  in event            1 local:           1
 Added good helicity            4  1.49764670220918564E-002  in event            1 local:           1
 Added good helicity           13   10.904631199636093       in event            1 local:           1
 Added good helicity           14  3.08652174984281539E-004  in event            1 local:           1
 Added good helicity           15  3.77886559481461423E-002  in event            1 local:           1
 Added good helicity           16  2.27411187957280957E-002  in event            1 local:           1
 Added good helicity           25  3.20541557303398311E-002  in event            1 local:           1
 Added good helicity           26  1.11624652379360302E-008  in event            1 local:           1
 Added good helicity           27  1.44690349220893467E-004  in event            1 local:           1
 Added good helicity           28  9.00438990207601042E-005  in event            1 local:           1
 Added good helicity           37  4.52967448899644156E-005  in event            1 local:           1
 Added good helicity           38  1.45806615618674127E-004  in event            1 local:           1
 Added good helicity           40  3.50997830896251847E-002  in event            1 local:           1
 Added good helicity           49  4.11756919956190320E-002  in event            1 local:           1
 Added good helicity           50  7.59859552139190569E-002  in event            1 local:           1
 Added good helicity           51  4.73562434611270546E-004  in event            1 local:           1
 Added good helicity           52   23.325669520056554       in event            1 local:           1
 Added good helicity           61  5.62000161590712251E-003  in event            1 local:           1
 Added good helicity           62  5.31811089784756733E-002  in event            1 local:           1
 Added good helicity           63  1.29867473182487911E-004  in event            1 local:           1
 Added good helicity           64   14.840823959022282       in event            1 local:           1
 Added good helicity           39  7.23407886637178439E-005  in event            3 local:           3
 RESET CUMULATIVE VARIABLE
 RESET CUMULATIVE VARIABLE
 Iteration  1   Mean: 0.7999E-04 Abs mean: 0.7999E-04   Fluctuation:  0.555E-05   0.252E-02    70.8%
  1    0.7999E-04 0.7999E-04 +- 0.5555E-05      2.20
 Writing out events  2.26045342582749370E-008   2.1961224906921268     
 Relative summed weights:
  0.1000E+01  0.0000E+00
 Relative number of events:
  0.1000E+01  0.0000E+00
 Events:
        1015           0
 Iteration  2   Mean: 0.9557E-04 Abs mean: 0.9557E-04   Fluctuation:  0.679E-05   0.986E-02    73.4%
  2    0.9557E-04 0.9557E-04 +- 0.6787E-05      3.18
 Relative summed weights:
  0.1000E+01  0.0000E+00
 Relative number of events:
  0.1000E+01  0.0000E+00
 Events:
        2000           0
 Iteration  3   Mean: 0.8415E-04 Abs mean: 0.8415E-04   Fluctuation:  0.252E-05   0.468E-02    70.2%
  3    0.8415E-04 0.8415E-04 +- 0.2521E-05      1.89
 Relative summed weights:
  0.1000E+01  0.0000E+00
 Relative number of events:
  0.1000E+01  0.0000E+00
 Events:
        4000           0
 Accuracy:    0.036   0.100   0.026   1.945
 Finished due to accuracy   3.57775345948799228E-002  0.10000000000000001     

 -------------------------------------------------------------------------------
 Accumulated results:   Integral =  0.8507E-04
                        Std dev  =  0.2182E-05
                       Cross sec =  0.8507E-04
             Chi**2 per DoF.     =      1.9454
 -------------------------------------------------------------------------------
 Found          477  events.
 Wrote          104  events.
 Actual xsec   8.50748057035741764E-005
 Correct abs xsec   8.50748057035741764E-005
 Event xsec   8.50748057035738918E-005
 Events wgts > 1:            2
 % Cross section > 1:   2.96028361284158240E-007  0.34796243004728067     
-------------------------------------------------
---------------------------
 Results Last   3 iters: Integral =   0.8507E-04
                     Abs integral =   0.8507E-04
                          Std dev =   0.2182E-05
                  Chi**2 per DoF. =      1.6821
-------------------------------------------------
---------------------------
 Status  0.10000000000000001                4           5

ls status:
events.lhe
ftn26
input_app.txt
input_sg.txt
moffset.dat
results.dat
run1_app.log
run_01_log.txt
